TimeQuest Timing Analyzer report for serrure
Sun Jan 26 20:16:16 2025
Quartus II 64-Bit Version 15.0.0 Build 145 04/22/2015 SJ Web Edition


---------------------
; Table of Contents ;
---------------------
  1. Legal Notice
  2. TimeQuest Timing Analyzer Summary
  3. Parallel Compilation
  4. Clocks
  5. Slow 1200mV 85C Model Fmax Summary
  6. Slow 1200mV 85C Model Setup Summary
  7. Slow 1200mV 85C Model Hold Summary
  8. Slow 1200mV 85C Model Recovery Summary
  9. Slow 1200mV 85C Model Removal Summary
 10. Slow 1200mV 85C Model Minimum Pulse Width Summary
 11. Propagation Delay
 12. Minimum Propagation Delay
 13. Slow 1200mV 0C Model Fmax Summary
 14. Slow 1200mV 0C Model Setup Summary
 15. Slow 1200mV 0C Model Hold Summary
 16. Slow 1200mV 0C Model Recovery Summary
 17. Slow 1200mV 0C Model Removal Summary
 18. Slow 1200mV 0C Model Minimum Pulse Width Summary
 19. Propagation Delay
 20. Minimum Propagation Delay
 21. Fast 1200mV 0C Model Setup Summary
 22. Fast 1200mV 0C Model Hold Summary
 23. Fast 1200mV 0C Model Recovery Summary
 24. Fast 1200mV 0C Model Removal Summary
 25. Fast 1200mV 0C Model Minimum Pulse Width Summary
 26. Propagation Delay
 27. Minimum Propagation Delay
 28. Multicorner Timing Analysis Summary
 29. Propagation Delay
 30. Minimum Propagation Delay
 31. Board Trace Model Assignments
 32. Input Transition Times
 33. Signal Integrity Metrics (Slow 1200mv 0c Model)
 34. Signal Integrity Metrics (Slow 1200mv 85c Model)
 35. Signal Integrity Metrics (Fast 1200mv 0c Model)
 36. Clock Transfers
 37. Report TCCS
 38. Report RSKM
 39. Unconstrained Paths
 40. TimeQuest Timing Analyzer Messages



----------------
; Legal Notice ;
----------------
Copyright (C) 1991-2015 Altera Corporation. All rights reserved.
Your use of Altera Corporation's design tools, logic functions 
and other software and tools, and its AMPP partner logic 
functions, and any output files from any of the foregoing 
(including device programming or simulation files), and any 
associated documentation or information are expressly subject 
to the terms and conditions of the Altera Program License 
Subscription Agreement, the Altera Quartus II License Agreement,
the Altera MegaCore Function License Agreement, or other 
applicable license agreement, including, without limitation, 
that your use is for the sole purpose of programming logic 
devices manufactured by Altera and sold by Altera or its 
authorized distributors.  Please refer to the applicable 
agreement for further details.



+-------------------------------------------------------------------------+
; TimeQuest Timing Analyzer Summary                                       ;
+--------------------+----------------------------------------------------+
; Quartus II Version ; Version 15.0.0 Build 145 04/22/2015 SJ Web Edition ;
; Revision Name      ; serrure                                            ;
; Device Family      ; MAX 10                                             ;
; Device Name        ; 10M50DAF484C7G                                     ;
; Timing Models      ; Preliminary                                        ;
; Delay Model        ; Combined                                           ;
; Rise/Fall Delays   ; Enabled                                            ;
+--------------------+----------------------------------------------------+


+------------------------------------------+
; Parallel Compilation                     ;
+----------------------------+-------------+
; Processors                 ; Number      ;
+----------------------------+-------------+
; Number detected on machine ; 12          ;
; Maximum allowed            ; 10          ;
;                            ;             ;
; Average used               ; 1.00        ;
; Maximum used               ; 10          ;
;                            ;             ;
; Usage by Processor         ; % Time Used ;
;     Processor 1            ; 100.0%      ;
;     Processors 2-10        ; < 0.1%      ;
;     Processors 11-12       ;   0.0%      ;
+----------------------------+-------------+


----------
; Clocks ;
----------
No clocks to report.


--------------------------------------
; Slow 1200mV 85C Model Fmax Summary ;
--------------------------------------
No paths to report.


---------------------------------------
; Slow 1200mV 85C Model Setup Summary ;
---------------------------------------
No paths to report.


--------------------------------------
; Slow 1200mV 85C Model Hold Summary ;
--------------------------------------
No paths to report.


------------------------------------------
; Slow 1200mV 85C Model Recovery Summary ;
------------------------------------------
No paths to report.


-----------------------------------------
; Slow 1200mV 85C Model Removal Summary ;
-----------------------------------------
No paths to report.


-----------------------------------------------------
; Slow 1200mV 85C Model Minimum Pulse Width Summary ;
-----------------------------------------------------
No paths to report.


+--------------------------------------------------------------+
; Propagation Delay                                            ;
+------------+-------------+--------+--------+--------+--------+
; Input Port ; Output Port ; RR     ; RF     ; FR     ; FF     ;
+------------+-------------+--------+--------+--------+--------+
; col1       ; LedR        ; 12.138 ; 12.279 ; 12.048 ; 12.134 ;
; col1       ; LedV        ; 12.247 ; 12.106 ; 12.102 ; 12.016 ;
; col1       ; Sortie      ; 11.991 ; 11.864 ; 11.846 ; 11.774 ;
; col1       ; a           ; 14.062 ; 13.967 ; 13.917 ; 13.877 ;
; col1       ; b           ; 12.908 ; 12.999 ; 12.965 ; 12.782 ;
; col1       ; c           ; 13.371 ; 13.283 ; 13.226 ; 13.193 ;
; col1       ; d           ; 12.911 ; 12.870 ; 12.756 ; 12.766 ;
; col1       ; e           ; 13.092 ; 12.722 ; 12.494 ; 13.219 ;
; col1       ; f           ; 13.354 ; 13.327 ; 13.199 ; 13.223 ;
; col1       ; g           ; 13.436 ; 13.378 ; 13.281 ; 13.274 ;
; col2       ; LedR        ; 11.890 ; 12.293 ; 12.203 ; 12.086 ;
; col2       ; LedV        ; 12.261 ; 11.858 ; 12.054 ; 12.171 ;
; col2       ; Sortie      ; 12.005 ; 11.616 ; 11.798 ; 11.929 ;
; col2       ; a           ; 14.076 ; 13.719 ; 13.869 ; 14.032 ;
; col2       ; b           ; 12.922 ; 13.013 ; 13.120 ; 12.937 ;
; col2       ; c           ; 13.385 ; 13.035 ; 13.178 ; 13.348 ;
; col2       ; d           ; 12.925 ; 12.622 ; 12.718 ; 12.921 ;
; col2       ; e           ; 12.924 ; 12.703 ; 12.717 ; 13.202 ;
; col2       ; f           ; 13.368 ; 13.079 ; 13.161 ; 13.378 ;
; col2       ; g           ; 13.450 ; 13.130 ; 13.243 ; 13.429 ;
; col3       ; LedR        ; 12.798 ; 12.939 ; 12.692 ; 12.778 ;
; col3       ; LedV        ; 12.907 ; 12.766 ; 12.746 ; 12.660 ;
; col3       ; Sortie      ; 12.651 ; 12.524 ; 12.490 ; 12.418 ;
; col3       ; a           ; 14.722 ; 14.627 ; 14.561 ; 14.521 ;
; col3       ; b           ; 13.568 ; 13.659 ; 13.609 ; 13.426 ;
; col3       ; c           ; 14.031 ; 13.943 ; 13.870 ; 13.837 ;
; col3       ; d           ; 13.571 ; 13.530 ; 13.400 ; 13.410 ;
; col3       ; e           ; 13.752 ; 13.244 ; 13.043 ; 13.863 ;
; col3       ; f           ; 14.014 ; 13.987 ; 13.843 ; 13.867 ;
; col3       ; g           ; 14.096 ; 14.038 ; 13.925 ; 13.918 ;
; col4       ; LedR        ; 13.224 ; 13.310 ; 13.463 ; 13.604 ;
; col4       ; LedV        ; 13.278 ; 13.192 ; 13.572 ; 13.431 ;
; col4       ; Sortie      ; 13.022 ; 12.950 ; 13.316 ; 13.189 ;
; col4       ; a           ; 15.093 ; 15.053 ; 15.387 ; 15.292 ;
; col4       ; b           ; 14.141 ; 13.958 ; 14.233 ; 14.324 ;
; col4       ; c           ; 14.402 ; 14.369 ; 14.696 ; 14.608 ;
; col4       ; d           ; 13.932 ; 13.942 ; 14.236 ; 14.195 ;
; col4       ; e           ; 13.593 ; 14.395 ; 14.417 ; 13.887 ;
; col4       ; f           ; 14.375 ; 14.399 ; 14.679 ; 14.652 ;
; col4       ; g           ; 14.457 ; 14.450 ; 14.761 ; 14.703 ;
; lig1       ; LedR        ; 12.550 ; 12.691 ; 12.502 ; 12.588 ;
; lig1       ; LedV        ; 12.659 ; 12.518 ; 12.556 ; 12.470 ;
; lig1       ; Sortie      ; 12.403 ; 12.276 ; 12.300 ; 12.228 ;
; lig1       ; a           ; 14.474 ; 14.390 ; 14.514 ; 14.498 ;
; lig1       ; b           ; 13.435 ; 13.411 ; 13.543 ; 13.374 ;
; lig1       ; c           ; 13.783 ; 13.695 ; 13.680 ; 13.647 ;
; lig1       ; d           ; 13.323 ; 13.282 ; 13.210 ; 13.220 ;
; lig1       ; e           ; 13.504 ; 13.449 ; 13.196 ; 13.673 ;
; lig1       ; f           ; 13.766 ; 13.739 ; 13.653 ; 13.677 ;
; lig1       ; g           ; 13.848 ; 13.790 ; 13.735 ; 13.728 ;
; lig2       ; LedR        ; 12.567 ; 12.708 ; 12.538 ; 12.624 ;
; lig2       ; LedV        ; 12.676 ; 12.535 ; 12.592 ; 12.506 ;
; lig2       ; Sortie      ; 12.420 ; 12.293 ; 12.336 ; 12.264 ;
; lig2       ; a           ; 14.541 ; 14.498 ; 14.630 ; 14.589 ;
; lig2       ; b           ; 13.543 ; 13.428 ; 13.634 ; 13.490 ;
; lig2       ; c           ; 13.800 ; 13.712 ; 13.716 ; 13.683 ;
; lig2       ; d           ; 13.340 ; 13.299 ; 13.246 ; 13.256 ;
; lig2       ; e           ; 13.521 ; 13.466 ; 13.232 ; 13.709 ;
; lig2       ; f           ; 13.783 ; 13.756 ; 13.689 ; 13.713 ;
; lig2       ; g           ; 13.865 ; 13.807 ; 13.771 ; 13.764 ;
; lig3       ; LedR        ; 12.838 ; 12.979 ; 12.692 ; 12.778 ;
; lig3       ; LedV        ; 12.947 ; 12.806 ; 12.746 ; 12.660 ;
; lig3       ; Sortie      ; 12.691 ; 12.564 ; 12.490 ; 12.418 ;
; lig3       ; a           ; 14.762 ; 14.667 ; 14.726 ; 14.699 ;
; lig3       ; b           ; 13.654 ; 13.699 ; 13.744 ; 13.586 ;
; lig3       ; c           ; 14.071 ; 13.983 ; 13.870 ; 13.837 ;
; lig3       ; d           ; 13.611 ; 13.570 ; 13.400 ; 13.410 ;
; lig3       ; e           ; 13.792 ; 13.574 ; 13.567 ; 13.863 ;
; lig3       ; f           ; 14.054 ; 14.027 ; 13.843 ; 13.867 ;
; lig3       ; g           ; 14.136 ; 14.078 ; 13.925 ; 13.918 ;
; lig4       ; LedR        ; 12.347 ; 12.555 ; 12.438 ; 12.661 ;
; lig4       ; LedV        ; 12.523 ; 12.315 ; 12.629 ; 12.406 ;
; lig4       ; Sortie      ; 12.267 ; 12.073 ; 12.373 ; 12.164 ;
; lig4       ; a           ; 14.632 ; 14.622 ; 14.752 ; 14.682 ;
; lig4       ; b           ; 13.667 ; 13.492 ; 13.727 ; 13.612 ;
; lig4       ; c           ; 13.647 ; 13.492 ; 13.753 ; 13.583 ;
; lig4       ; d           ; 13.187 ; 13.079 ; 13.293 ; 13.156 ;
; lig4       ; e           ; 13.301 ; 13.334 ; 13.292 ; 13.437 ;
; lig4       ; f           ; 13.630 ; 13.536 ; 13.736 ; 13.613 ;
; lig4       ; g           ; 13.712 ; 13.587 ; 13.818 ; 13.664 ;
+------------+-------------+--------+--------+--------+--------+


+--------------------------------------------------------------+
; Minimum Propagation Delay                                    ;
+------------+-------------+--------+--------+--------+--------+
; Input Port ; Output Port ; RR     ; RF     ; FR     ; FF     ;
+------------+-------------+--------+--------+--------+--------+
; col1       ; LedR        ; 9.144  ; 9.281  ; 9.236  ; 9.373  ;
; col1       ; LedV        ; 9.250  ; 9.112  ; 9.342  ; 9.204  ;
; col1       ; Sortie      ; 9.004  ; 8.880  ; 9.096  ; 8.972  ;
; col1       ; a           ; 9.279  ; 9.121  ; 9.351  ; 9.207  ;
; col1       ; b           ; 10.347 ; 10.283 ; 10.484 ; 10.299 ;
; col1       ; c           ; 8.640  ; 8.557  ; 8.732  ; 8.649  ;
; col1       ; d           ; 8.970  ; 8.906  ; 9.062  ; 8.998  ;
; col1       ; e           ; 9.261  ; 9.841  ; 9.724  ; 9.523  ;
; col1       ; f           ; 9.397  ; 9.346  ; 9.489  ; 9.438  ;
; col1       ; g           ; 9.540  ; 9.351  ; 9.632  ; 9.443  ;
; col2       ; LedR        ; 9.055  ; 9.184  ; 9.166  ; 9.260  ;
; col2       ; LedV        ; 9.153  ; 9.023  ; 9.229  ; 9.134  ;
; col2       ; Sortie      ; 8.907  ; 8.791  ; 8.983  ; 8.902  ;
; col2       ; a           ; 9.280  ; 9.191  ; 9.370  ; 9.321  ;
; col2       ; b           ; 10.413 ; 10.299 ; 10.503 ; 10.429 ;
; col2       ; c           ; 8.551  ; 8.462  ; 8.661  ; 8.538  ;
; col2       ; d           ; 8.881  ; 8.809  ; 8.992  ; 8.885  ;
; col2       ; e           ; 9.208  ; 9.744  ; 9.654  ; 9.473  ;
; col2       ; f           ; 9.308  ; 9.249  ; 9.419  ; 9.325  ;
; col2       ; g           ; 9.443  ; 9.262  ; 9.519  ; 9.373  ;
; col3       ; LedR        ; 9.776  ; 9.905  ; 9.881  ; 10.010 ;
; col3       ; LedV        ; 9.874  ; 9.744  ; 9.979  ; 9.849  ;
; col3       ; Sortie      ; 9.628  ; 9.512  ; 9.733  ; 9.617  ;
; col3       ; a           ; 9.617  ; 9.542  ; 9.709  ; 9.615  ;
; col3       ; b           ; 10.750 ; 10.474 ; 10.727 ; 10.723 ;
; col3       ; c           ; 9.272  ; 9.183  ; 9.377  ; 9.288  ;
; col3       ; d           ; 9.602  ; 9.530  ; 9.707  ; 9.635  ;
; col3       ; e           ; 10.079 ; 10.465 ; 10.369 ; 10.287 ;
; col3       ; f           ; 10.029 ; 9.970  ; 10.134 ; 10.075 ;
; col3       ; g           ; 10.164 ; 9.983  ; 10.269 ; 10.088 ;
; col4       ; LedR        ; 10.038 ; 9.904  ; 9.873  ; 10.251 ;
; col4       ; LedV        ; 9.873  ; 10.006 ; 10.220 ; 9.841  ;
; col4       ; Sortie      ; 9.627  ; 9.774  ; 9.974  ; 9.609  ;
; col4       ; a           ; 8.878  ; 9.280  ; 9.480  ; 8.894  ;
; col4       ; b           ; 10.252 ; 10.388 ; 10.581 ; 10.217 ;
; col4       ; c           ; 9.848  ; 9.557  ; 9.788  ; 9.891  ;
; col4       ; d           ; 9.638  ; 9.645  ; 9.867  ; 9.632  ;
; col4       ; e           ; 9.523  ; 9.735  ; 9.626  ; 9.846  ;
; col4       ; f           ; 10.065 ; 10.083 ; 10.292 ; 10.072 ;
; col4       ; g           ; 10.427 ; 10.019 ; 10.266 ; 10.441 ;
; lig1       ; LedR        ; 9.320  ; 9.464  ; 9.427  ; 9.563  ;
; lig1       ; LedV        ; 9.433  ; 9.288  ; 9.532  ; 9.395  ;
; lig1       ; Sortie      ; 9.187  ; 9.056  ; 9.286  ; 9.163  ;
; lig1       ; a           ; 8.927  ; 8.840  ; 9.034  ; 8.939  ;
; lig1       ; b           ; 10.060 ; 9.948  ; 10.167 ; 10.047 ;
; lig1       ; c           ; 9.408  ; 9.338  ; 9.507  ; 9.410  ;
; lig1       ; d           ; 9.198  ; 9.079  ; 9.297  ; 9.186  ;
; lig1       ; e           ; 10.166 ; 9.487  ; 9.448  ; 10.381 ;
; lig1       ; f           ; 9.625  ; 9.519  ; 9.724  ; 9.626  ;
; lig1       ; g           ; 9.713  ; 9.579  ; 9.820  ; 9.678  ;
; lig2       ; LedR        ; 9.773  ; 9.735  ; 9.751  ; 10.066 ;
; lig2       ; LedV        ; 9.704  ; 9.741  ; 10.035 ; 9.719  ;
; lig2       ; Sortie      ; 9.458  ; 9.509  ; 9.789  ; 9.487  ;
; lig2       ; a           ; 9.380  ; 9.284  ; 9.451  ; 9.442  ;
; lig2       ; b           ; 10.513 ; 10.392 ; 10.584 ; 10.523 ;
; lig2       ; c           ; 9.136  ; 9.013  ; 9.247  ; 9.164  ;
; lig2       ; d           ; 9.642  ; 9.360  ; 9.577  ; 9.603  ;
; lig2       ; e           ; 8.838  ; 9.984  ; 9.952  ; 9.142  ;
; lig2       ; f           ; 10.069 ; 9.800  ; 10.004 ; 10.043 ;
; lig2       ; g           ; 9.994  ; 9.971  ; 10.237 ; 9.958  ;
; lig3       ; LedR        ; 10.206 ; 10.054 ; 10.006 ; 10.426 ;
; lig3       ; LedV        ; 10.023 ; 10.174 ; 10.395 ; 9.974  ;
; lig3       ; Sortie      ; 9.777  ; 9.942  ; 10.149 ; 9.742  ;
; lig3       ; a           ; 9.987  ; 9.430  ; 9.613  ; 9.978  ;
; lig3       ; b           ; 10.863 ; 10.538 ; 10.746 ; 10.793 ;
; lig3       ; c           ; 9.702  ; 9.619  ; 9.785  ; 9.702  ;
; lig3       ; d           ; 9.788  ; 9.795  ; 10.000 ; 9.765  ;
; lig3       ; e           ; 10.117 ; 10.609 ; 10.586 ; 10.286 ;
; lig3       ; f           ; 10.215 ; 10.233 ; 10.425 ; 10.205 ;
; lig3       ; g           ; 10.577 ; 10.169 ; 10.399 ; 10.496 ;
; lig4       ; LedR        ; 10.023 ; 9.634  ; 9.614  ; 10.178 ;
; lig4       ; LedV        ; 9.603  ; 9.991  ; 10.147 ; 9.582  ;
; lig4       ; Sortie      ; 9.357  ; 9.759  ; 9.901  ; 9.350  ;
; lig4       ; a           ; 9.649  ; 9.010  ; 9.221  ; 9.629  ;
; lig4       ; b           ; 10.443 ; 10.118 ; 10.354 ; 10.401 ;
; lig4       ; c           ; 9.519  ; 9.436  ; 9.579  ; 9.456  ;
; lig4       ; d           ; 9.368  ; 9.375  ; 9.608  ; 9.373  ;
; lig4       ; e           ; 9.649  ; 10.233 ; 10.269 ; 9.868  ;
; lig4       ; f           ; 9.795  ; 9.813  ; 10.033 ; 9.813  ;
; lig4       ; g           ; 10.157 ; 9.749  ; 10.007 ; 10.182 ;
+------------+-------------+--------+--------+--------+--------+


-------------------------------------
; Slow 1200mV 0C Model Fmax Summary ;
-------------------------------------
No paths to report.


--------------------------------------
; Slow 1200mV 0C Model Setup Summary ;
--------------------------------------
No paths to report.


-------------------------------------
; Slow 1200mV 0C Model Hold Summary ;
-------------------------------------
No paths to report.


-----------------------------------------
; Slow 1200mV 0C Model Recovery Summary ;
-----------------------------------------
No paths to report.


----------------------------------------
; Slow 1200mV 0C Model Removal Summary ;
----------------------------------------
No paths to report.


----------------------------------------------------
; Slow 1200mV 0C Model Minimum Pulse Width Summary ;
----------------------------------------------------
No paths to report.


+--------------------------------------------------------------+
; Propagation Delay                                            ;
+------------+-------------+--------+--------+--------+--------+
; Input Port ; Output Port ; RR     ; RF     ; FR     ; FF     ;
+------------+-------------+--------+--------+--------+--------+
; col1       ; LedR        ; 10.920 ; 11.216 ; 10.915 ; 11.181 ;
; col1       ; LedV        ; 11.183 ; 10.890 ; 11.148 ; 10.885 ;
; col1       ; Sortie      ; 10.941 ; 10.673 ; 10.906 ; 10.668 ;
; col1       ; a           ; 12.872 ; 12.568 ; 12.837 ; 12.563 ;
; col1       ; b           ; 11.806 ; 11.696 ; 11.932 ; 11.550 ;
; col1       ; c           ; 12.225 ; 11.940 ; 12.190 ; 11.935 ;
; col1       ; d           ; 11.781 ; 11.591 ; 11.739 ; 11.575 ;
; col1       ; e           ; 11.768 ; 11.703 ; 11.242 ; 12.195 ;
; col1       ; f           ; 12.190 ; 11.995 ; 12.148 ; 11.979 ;
; col1       ; g           ; 12.280 ; 12.036 ; 12.238 ; 12.020 ;
; col2       ; LedR        ; 10.706 ; 11.239 ; 11.053 ; 11.000 ;
; col2       ; LedV        ; 11.206 ; 10.676 ; 10.967 ; 11.023 ;
; col2       ; Sortie      ; 10.964 ; 10.459 ; 10.725 ; 10.806 ;
; col2       ; a           ; 12.895 ; 12.354 ; 12.656 ; 12.701 ;
; col2       ; b           ; 11.829 ; 11.719 ; 12.070 ; 11.688 ;
; col2       ; c           ; 12.248 ; 11.726 ; 12.009 ; 12.073 ;
; col2       ; d           ; 11.804 ; 11.377 ; 11.565 ; 11.713 ;
; col2       ; e           ; 11.630 ; 11.749 ; 11.391 ; 12.172 ;
; col2       ; f           ; 12.213 ; 11.781 ; 11.974 ; 12.117 ;
; col2       ; g           ; 12.303 ; 11.822 ; 12.064 ; 12.158 ;
; col3       ; LedR        ; 11.534 ; 11.830 ; 11.493 ; 11.759 ;
; col3       ; LedV        ; 11.797 ; 11.504 ; 11.726 ; 11.463 ;
; col3       ; Sortie      ; 11.555 ; 11.287 ; 11.484 ; 11.246 ;
; col3       ; a           ; 13.486 ; 13.182 ; 13.415 ; 13.141 ;
; col3       ; b           ; 12.420 ; 12.310 ; 12.510 ; 12.128 ;
; col3       ; c           ; 12.839 ; 12.554 ; 12.768 ; 12.513 ;
; col3       ; d           ; 12.395 ; 12.205 ; 12.317 ; 12.153 ;
; col3       ; e           ; 12.382 ; 12.198 ; 11.760 ; 12.773 ;
; col3       ; f           ; 12.804 ; 12.609 ; 12.726 ; 12.557 ;
; col3       ; g           ; 12.894 ; 12.650 ; 12.816 ; 12.598 ;
; col4       ; LedR        ; 12.067 ; 12.333 ; 12.071 ; 12.367 ;
; col4       ; LedV        ; 12.300 ; 12.037 ; 12.334 ; 12.041 ;
; col4       ; Sortie      ; 12.058 ; 11.820 ; 12.092 ; 11.824 ;
; col4       ; a           ; 13.989 ; 13.715 ; 14.023 ; 13.719 ;
; col4       ; b           ; 13.084 ; 12.702 ; 12.957 ; 12.847 ;
; col4       ; c           ; 13.342 ; 13.087 ; 13.376 ; 13.091 ;
; col4       ; d           ; 12.891 ; 12.727 ; 12.932 ; 12.742 ;
; col4       ; e           ; 12.283 ; 13.347 ; 12.919 ; 12.771 ;
; col4       ; f           ; 13.300 ; 13.131 ; 13.341 ; 13.146 ;
; col4       ; g           ; 13.390 ; 13.172 ; 13.431 ; 13.187 ;
; lig1       ; LedR        ; 11.309 ; 11.605 ; 11.349 ; 11.615 ;
; lig1       ; LedV        ; 11.572 ; 11.279 ; 11.582 ; 11.319 ;
; lig1       ; Sortie      ; 11.330 ; 11.062 ; 11.340 ; 11.102 ;
; lig1       ; a           ; 13.360 ; 13.004 ; 13.358 ; 12.998 ;
; lig1       ; b           ; 12.339 ; 12.096 ; 12.366 ; 12.094 ;
; lig1       ; c           ; 12.614 ; 12.329 ; 12.624 ; 12.369 ;
; lig1       ; d           ; 12.170 ; 11.980 ; 12.173 ; 12.009 ;
; lig1       ; e           ; 12.157 ; 12.361 ; 11.932 ; 12.629 ;
; lig1       ; f           ; 12.579 ; 12.384 ; 12.582 ; 12.413 ;
; lig1       ; g           ; 12.669 ; 12.425 ; 12.672 ; 12.454 ;
; lig2       ; LedR        ; 11.315 ; 11.611 ; 11.376 ; 11.642 ;
; lig2       ; LedV        ; 11.578 ; 11.285 ; 11.609 ; 11.346 ;
; lig2       ; Sortie      ; 11.336 ; 11.068 ; 11.367 ; 11.129 ;
; lig2       ; a           ; 13.497 ; 13.126 ; 13.513 ; 13.142 ;
; lig2       ; b           ; 12.461 ; 12.233 ; 12.477 ; 12.249 ;
; lig2       ; c           ; 12.620 ; 12.335 ; 12.651 ; 12.396 ;
; lig2       ; d           ; 12.176 ; 11.986 ; 12.200 ; 12.036 ;
; lig2       ; e           ; 12.163 ; 12.367 ; 11.959 ; 12.656 ;
; lig2       ; f           ; 12.585 ; 12.390 ; 12.609 ; 12.440 ;
; lig2       ; g           ; 12.675 ; 12.431 ; 12.699 ; 12.481 ;
; lig3       ; LedR        ; 11.572 ; 11.868 ; 11.488 ; 11.754 ;
; lig3       ; LedV        ; 11.835 ; 11.542 ; 11.721 ; 11.458 ;
; lig3       ; Sortie      ; 11.593 ; 11.325 ; 11.479 ; 11.241 ;
; lig3       ; a           ; 13.614 ; 13.243 ; 13.604 ; 13.233 ;
; lig3       ; b           ; 12.578 ; 12.350 ; 12.568 ; 12.340 ;
; lig3       ; c           ; 12.877 ; 12.592 ; 12.763 ; 12.508 ;
; lig3       ; d           ; 12.433 ; 12.243 ; 12.312 ; 12.148 ;
; lig3       ; e           ; 12.420 ; 12.575 ; 12.151 ; 12.768 ;
; lig3       ; f           ; 12.842 ; 12.647 ; 12.721 ; 12.552 ;
; lig3       ; g           ; 12.932 ; 12.688 ; 12.811 ; 12.593 ;
; lig4       ; LedR        ; 11.239 ; 11.497 ; 11.261 ; 11.515 ;
; lig4       ; LedV        ; 11.464 ; 11.209 ; 11.482 ; 11.231 ;
; lig4       ; Sortie      ; 11.222 ; 10.992 ; 11.240 ; 11.014 ;
; lig4       ; a           ; 13.488 ; 13.176 ; 13.620 ; 13.249 ;
; lig4       ; b           ; 12.511 ; 12.224 ; 12.584 ; 12.356 ;
; lig4       ; c           ; 12.506 ; 12.259 ; 12.524 ; 12.281 ;
; lig4       ; d           ; 12.062 ; 11.899 ; 12.080 ; 11.921 ;
; lig4       ; e           ; 11.966 ; 12.358 ; 11.906 ; 12.388 ;
; lig4       ; f           ; 12.471 ; 12.303 ; 12.489 ; 12.325 ;
; lig4       ; g           ; 12.561 ; 12.344 ; 12.579 ; 12.366 ;
+------------+-------------+--------+--------+--------+--------+


+----------------------------------------------------------+
; Minimum Propagation Delay                                ;
+------------+-------------+-------+-------+-------+-------+
; Input Port ; Output Port ; RR    ; RF    ; FR    ; FF    ;
+------------+-------------+-------+-------+-------+-------+
; col1       ; LedR        ; 8.205 ; 8.532 ; 8.245 ; 8.572 ;
; col1       ; LedV        ; 8.501 ; 8.176 ; 8.541 ; 8.216 ;
; col1       ; Sortie      ; 8.267 ; 7.967 ; 8.307 ; 8.007 ;
; col1       ; a           ; 8.545 ; 8.252 ; 8.521 ; 8.234 ;
; col1       ; b           ; 9.445 ; 9.256 ; 9.600 ; 9.296 ;
; col1       ; c           ; 7.879 ; 7.683 ; 7.919 ; 7.723 ;
; col1       ; d           ; 8.192 ; 8.036 ; 8.232 ; 8.076 ;
; col1       ; e           ; 8.320 ; 9.052 ; 8.687 ; 8.726 ;
; col1       ; f           ; 8.586 ; 8.426 ; 8.626 ; 8.466 ;
; col1       ; g           ; 8.754 ; 8.400 ; 8.794 ; 8.440 ;
; col2       ; LedR        ; 8.139 ; 8.459 ; 8.187 ; 8.477 ;
; col2       ; LedV        ; 8.428 ; 8.110 ; 8.446 ; 8.158 ;
; col2       ; Sortie      ; 8.194 ; 7.901 ; 8.212 ; 7.949 ;
; col2       ; a           ; 8.546 ; 8.281 ; 8.577 ; 8.347 ;
; col2       ; b           ; 9.601 ; 9.270 ; 9.632 ; 9.336 ;
; col2       ; c           ; 7.813 ; 7.617 ; 7.861 ; 7.663 ;
; col2       ; d           ; 8.126 ; 7.963 ; 8.174 ; 7.981 ;
; col2       ; e           ; 8.279 ; 8.979 ; 8.629 ; 8.671 ;
; col2       ; f           ; 8.520 ; 8.353 ; 8.568 ; 8.371 ;
; col2       ; g           ; 8.681 ; 8.334 ; 8.699 ; 8.382 ;
; col3       ; LedR        ; 8.785 ; 9.112 ; 8.851 ; 9.178 ;
; col3       ; LedV        ; 9.081 ; 8.756 ; 9.147 ; 8.822 ;
; col3       ; Sortie      ; 8.847 ; 8.547 ; 8.913 ; 8.613 ;
; col3       ; a           ; 8.866 ; 8.611 ; 8.883 ; 8.614 ;
; col3       ; b           ; 9.921 ; 9.515 ; 9.752 ; 9.603 ;
; col3       ; c           ; 8.459 ; 8.263 ; 8.525 ; 8.329 ;
; col3       ; d           ; 8.772 ; 8.616 ; 8.838 ; 8.682 ;
; col3       ; e           ; 9.073 ; 9.632 ; 9.293 ; 9.413 ;
; col3       ; f           ; 9.166 ; 9.006 ; 9.232 ; 9.072 ;
; col3       ; g           ; 9.334 ; 8.980 ; 9.400 ; 9.046 ;
; col4       ; LedR        ; 9.062 ; 9.108 ; 8.850 ; 9.371 ;
; col4       ; LedV        ; 9.077 ; 9.033 ; 9.340 ; 8.821 ;
; col4       ; Sortie      ; 8.843 ; 8.824 ; 9.106 ; 8.612 ;
; col4       ; a           ; 8.180 ; 8.392 ; 8.634 ; 7.949 ;
; col4       ; b           ; 9.410 ; 9.378 ; 9.662 ; 9.164 ;
; col4       ; c           ; 9.027 ; 8.629 ; 8.931 ; 8.871 ;
; col4       ; d           ; 8.843 ; 8.725 ; 8.981 ; 8.643 ;
; col4       ; e           ; 8.600 ; 8.980 ; 8.598 ; 8.984 ;
; col4       ; f           ; 9.237 ; 9.113 ; 9.374 ; 9.033 ;
; col4       ; g           ; 9.583 ; 9.051 ; 9.361 ; 9.360 ;
; lig1       ; LedR        ; 8.443 ; 8.678 ; 8.498 ; 8.727 ;
; lig1       ; LedV        ; 8.647 ; 8.414 ; 8.696 ; 8.469 ;
; lig1       ; Sortie      ; 8.413 ; 8.205 ; 8.462 ; 8.260 ;
; lig1       ; a           ; 8.227 ; 7.962 ; 8.282 ; 8.011 ;
; lig1       ; b           ; 9.282 ; 8.951 ; 9.337 ; 9.000 ;
; lig1       ; c           ; 8.597 ; 8.452 ; 8.646 ; 8.479 ;
; lig1       ; d           ; 8.413 ; 8.236 ; 8.462 ; 8.291 ;
; lig1       ; e           ; 9.157 ; 8.746 ; 8.443 ; 9.520 ;
; lig1       ; f           ; 8.807 ; 8.626 ; 8.856 ; 8.681 ;
; lig1       ; g           ; 8.954 ; 8.621 ; 9.009 ; 8.670 ;
; lig2       ; LedR        ; 8.858 ; 8.977 ; 8.721 ; 9.167 ;
; lig2       ; LedV        ; 8.946 ; 8.829 ; 9.136 ; 8.692 ;
; lig2       ; Sortie      ; 8.712 ; 8.620 ; 8.902 ; 8.483 ;
; lig2       ; a           ; 8.642 ; 8.375 ; 8.641 ; 8.451 ;
; lig2       ; b           ; 9.677 ; 9.364 ; 9.696 ; 9.440 ;
; lig2       ; c           ; 8.394 ; 8.163 ; 8.395 ; 8.199 ;
; lig2       ; d           ; 8.826 ; 8.481 ; 8.708 ; 8.650 ;
; lig2       ; e           ; 7.944 ; 9.204 ; 8.904 ; 8.376 ;
; lig2       ; f           ; 9.220 ; 8.871 ; 9.102 ; 9.040 ;
; lig2       ; g           ; 9.199 ; 9.028 ; 9.337 ; 8.916 ;
; lig3       ; LedR        ; 9.165 ; 9.218 ; 9.003 ; 9.512 ;
; lig3       ; LedV        ; 9.187 ; 9.136 ; 9.481 ; 8.974 ;
; lig3       ; Sortie      ; 8.953 ; 8.927 ; 9.247 ; 8.765 ;
; lig3       ; a           ; 9.206 ; 8.502 ; 8.787 ; 8.933 ;
; lig3       ; b           ; 9.987 ; 9.491 ; 9.842 ; 9.703 ;
; lig3       ; c           ; 8.839 ; 8.643 ; 8.859 ; 8.663 ;
; lig3       ; d           ; 8.953 ; 8.835 ; 9.134 ; 8.796 ;
; lig3       ; e           ; 9.110 ; 9.776 ; 9.462 ; 9.408 ;
; lig3       ; f           ; 9.347 ; 9.223 ; 9.527 ; 9.186 ;
; lig3       ; g           ; 9.693 ; 9.161 ; 9.514 ; 9.380 ;
; lig4       ; LedR        ; 9.009 ; 8.836 ; 8.659 ; 9.333 ;
; lig4       ; LedV        ; 8.805 ; 8.980 ; 9.302 ; 8.630 ;
; lig4       ; Sortie      ; 8.571 ; 8.771 ; 9.068 ; 8.421 ;
; lig4       ; a           ; 8.855 ; 8.120 ; 8.443 ; 8.646 ;
; lig4       ; b           ; 9.605 ; 9.109 ; 9.498 ; 9.359 ;
; lig4       ; c           ; 8.683 ; 8.487 ; 8.750 ; 8.519 ;
; lig4       ; d           ; 8.571 ; 8.453 ; 8.790 ; 8.452 ;
; lig4       ; e           ; 8.677 ; 9.429 ; 9.190 ; 9.044 ;
; lig4       ; f           ; 8.965 ; 8.841 ; 9.183 ; 8.842 ;
; lig4       ; g           ; 9.311 ; 8.779 ; 9.170 ; 9.169 ;
+------------+-------------+-------+-------+-------+-------+


--------------------------------------
; Fast 1200mV 0C Model Setup Summary ;
--------------------------------------
No paths to report.


-------------------------------------
; Fast 1200mV 0C Model Hold Summary ;
-------------------------------------
No paths to report.


-----------------------------------------
; Fast 1200mV 0C Model Recovery Summary ;
-----------------------------------------
No paths to report.


----------------------------------------
; Fast 1200mV 0C Model Removal Summary ;
----------------------------------------
No paths to report.


----------------------------------------------------
; Fast 1200mV 0C Model Minimum Pulse Width Summary ;
----------------------------------------------------
No paths to report.


+----------------------------------------------------------+
; Propagation Delay                                        ;
+------------+-------------+-------+-------+-------+-------+
; Input Port ; Output Port ; RR    ; RF    ; FR    ; FF    ;
+------------+-------------+-------+-------+-------+-------+
; col1       ; LedR        ; 5.486 ; 5.422 ; 5.663 ; 5.588 ;
; col1       ; LedV        ; 5.404 ; 5.466 ; 5.570 ; 5.643 ;
; col1       ; Sortie      ; 5.286 ; 5.336 ; 5.452 ; 5.513 ;
; col1       ; a           ; 6.067 ; 6.203 ; 6.233 ; 6.380 ;
; col1       ; b           ; 5.618 ; 5.828 ; 5.891 ; 5.986 ;
; col1       ; c           ; 5.808 ; 5.932 ; 5.974 ; 6.109 ;
; col1       ; d           ; 5.629 ; 5.723 ; 5.788 ; 5.897 ;
; col1       ; e           ; 5.931 ; 5.529 ; 6.009 ; 6.001 ;
; col1       ; f           ; 5.826 ; 5.951 ; 5.985 ; 6.125 ;
; col1       ; g           ; 5.850 ; 5.971 ; 6.009 ; 6.145 ;
; col2       ; LedR        ; 5.385 ; 5.425 ; 5.750 ; 5.721 ;
; col2       ; LedV        ; 5.407 ; 5.365 ; 5.703 ; 5.730 ;
; col2       ; Sortie      ; 5.289 ; 5.235 ; 5.585 ; 5.600 ;
; col2       ; a           ; 6.070 ; 6.102 ; 6.366 ; 6.467 ;
; col2       ; b           ; 5.621 ; 5.831 ; 5.978 ; 6.127 ;
; col2       ; c           ; 5.811 ; 5.831 ; 6.107 ; 6.196 ;
; col2       ; d           ; 5.630 ; 5.622 ; 5.926 ; 5.984 ;
; col2       ; e           ; 5.854 ; 5.491 ; 6.150 ; 6.020 ;
; col2       ; f           ; 5.827 ; 5.850 ; 6.123 ; 6.212 ;
; col2       ; g           ; 5.851 ; 5.870 ; 6.147 ; 6.232 ;
; col3       ; LedR        ; 5.767 ; 5.703 ; 5.977 ; 5.902 ;
; col3       ; LedV        ; 5.685 ; 5.747 ; 5.884 ; 5.957 ;
; col3       ; Sortie      ; 5.567 ; 5.617 ; 5.766 ; 5.827 ;
; col3       ; a           ; 6.348 ; 6.484 ; 6.547 ; 6.694 ;
; col3       ; b           ; 5.899 ; 6.109 ; 6.205 ; 6.288 ;
; col3       ; c           ; 6.089 ; 6.213 ; 6.288 ; 6.423 ;
; col3       ; d           ; 5.910 ; 6.004 ; 6.102 ; 6.211 ;
; col3       ; e           ; 6.212 ; 5.752 ; 6.222 ; 6.315 ;
; col3       ; f           ; 6.107 ; 6.232 ; 6.299 ; 6.439 ;
; col3       ; g           ; 6.131 ; 6.252 ; 6.323 ; 6.459 ;
; col4       ; LedR        ; 5.840 ; 5.765 ; 6.531 ; 6.467 ;
; col4       ; LedV        ; 5.747 ; 5.820 ; 6.449 ; 6.511 ;
; col4       ; Sortie      ; 5.629 ; 5.690 ; 6.331 ; 6.381 ;
; col4       ; a           ; 6.410 ; 6.557 ; 7.112 ; 7.248 ;
; col4       ; b           ; 6.068 ; 6.151 ; 6.663 ; 6.873 ;
; col4       ; c           ; 6.151 ; 6.286 ; 6.853 ; 6.977 ;
; col4       ; d           ; 5.965 ; 6.074 ; 6.674 ; 6.768 ;
; col4       ; e           ; 6.151 ; 6.178 ; 6.976 ; 6.399 ;
; col4       ; f           ; 6.162 ; 6.302 ; 6.871 ; 6.996 ;
; col4       ; g           ; 6.186 ; 6.322 ; 6.895 ; 7.016 ;
; lig1       ; LedR        ; 5.670 ; 5.606 ; 5.872 ; 5.808 ;
; lig1       ; LedV        ; 5.588 ; 5.650 ; 5.790 ; 5.852 ;
; lig1       ; Sortie      ; 5.470 ; 5.520 ; 5.672 ; 5.722 ;
; lig1       ; a           ; 6.251 ; 6.390 ; 6.543 ; 6.817 ;
; lig1       ; b           ; 5.879 ; 6.012 ; 6.306 ; 6.322 ;
; lig1       ; c           ; 5.992 ; 6.116 ; 6.194 ; 6.318 ;
; lig1       ; d           ; 5.813 ; 5.907 ; 6.015 ; 6.109 ;
; lig1       ; e           ; 6.115 ; 5.868 ; 6.317 ; 6.204 ;
; lig1       ; f           ; 6.010 ; 6.135 ; 6.212 ; 6.337 ;
; lig1       ; g           ; 6.034 ; 6.155 ; 6.236 ; 6.357 ;
; lig2       ; LedR        ; 5.666 ; 5.602 ; 5.873 ; 5.913 ;
; lig2       ; LedV        ; 5.584 ; 5.646 ; 5.895 ; 5.853 ;
; lig2       ; Sortie      ; 5.466 ; 5.516 ; 5.777 ; 5.723 ;
; lig2       ; a           ; 6.247 ; 6.441 ; 6.592 ; 6.866 ;
; lig2       ; b           ; 5.930 ; 6.008 ; 6.355 ; 6.371 ;
; lig2       ; c           ; 5.988 ; 6.112 ; 6.299 ; 6.319 ;
; lig2       ; d           ; 5.809 ; 5.903 ; 6.118 ; 6.122 ;
; lig2       ; e           ; 6.111 ; 5.864 ; 6.342 ; 6.211 ;
; lig2       ; f           ; 6.006 ; 6.131 ; 6.315 ; 6.350 ;
; lig2       ; g           ; 6.030 ; 6.151 ; 6.339 ; 6.370 ;
; lig3       ; LedR        ; 5.776 ; 5.712 ; 6.073 ; 6.009 ;
; lig3       ; LedV        ; 5.694 ; 5.756 ; 5.991 ; 6.053 ;
; lig3       ; Sortie      ; 5.576 ; 5.626 ; 5.873 ; 5.923 ;
; lig3       ; a           ; 6.357 ; 6.503 ; 6.669 ; 6.943 ;
; lig3       ; b           ; 5.992 ; 6.118 ; 6.432 ; 6.448 ;
; lig3       ; c           ; 6.098 ; 6.222 ; 6.395 ; 6.519 ;
; lig3       ; d           ; 5.919 ; 6.013 ; 6.216 ; 6.310 ;
; lig3       ; e           ; 6.221 ; 5.793 ; 6.518 ; 6.311 ;
; lig3       ; f           ; 6.116 ; 6.241 ; 6.413 ; 6.538 ;
; lig3       ; g           ; 6.140 ; 6.261 ; 6.437 ; 6.558 ;
; lig4       ; LedR        ; 5.584 ; 5.521 ; 5.911 ; 5.968 ;
; lig4       ; LedV        ; 5.503 ; 5.564 ; 5.950 ; 5.891 ;
; lig4       ; Sortie      ; 5.385 ; 5.434 ; 5.832 ; 5.761 ;
; lig4       ; a           ; 6.217 ; 6.491 ; 6.613 ; 6.837 ;
; lig4       ; b           ; 5.980 ; 5.996 ; 6.326 ; 6.374 ;
; lig4       ; c           ; 5.907 ; 6.030 ; 6.354 ; 6.357 ;
; lig4       ; d           ; 5.727 ; 5.821 ; 6.173 ; 6.148 ;
; lig4       ; e           ; 6.029 ; 5.714 ; 6.397 ; 6.140 ;
; lig4       ; f           ; 5.924 ; 6.049 ; 6.370 ; 6.376 ;
; lig4       ; g           ; 5.948 ; 6.069 ; 6.394 ; 6.396 ;
+------------+-------------+-------+-------+-------+-------+


+----------------------------------------------------------+
; Minimum Propagation Delay                                ;
+------------+-------------+-------+-------+-------+-------+
; Input Port ; Output Port ; RR    ; RF    ; FR    ; FF    ;
+------------+-------------+-------+-------+-------+-------+
; col1       ; LedR        ; 4.199 ; 4.080 ; 4.600 ; 4.481 ;
; col1       ; LedV        ; 4.062 ; 4.180 ; 4.463 ; 4.581 ;
; col1       ; Sortie      ; 3.949 ; 4.055 ; 4.350 ; 4.456 ;
; col1       ; a           ; 4.043 ; 4.072 ; 4.457 ; 4.537 ;
; col1       ; b           ; 4.612 ; 4.605 ; 4.938 ; 4.959 ;
; col1       ; c           ; 3.796 ; 3.828 ; 4.197 ; 4.229 ;
; col1       ; d           ; 3.977 ; 3.979 ; 4.378 ; 4.380 ;
; col1       ; e           ; 4.238 ; 4.275 ; 4.788 ; 4.514 ;
; col1       ; f           ; 4.167 ; 4.200 ; 4.568 ; 4.601 ;
; col1       ; g           ; 4.174 ; 4.253 ; 4.575 ; 4.654 ;
; col2       ; LedR        ; 4.175 ; 4.056 ; 4.596 ; 4.467 ;
; col2       ; LedV        ; 4.038 ; 4.156 ; 4.449 ; 4.577 ;
; col2       ; Sortie      ; 3.925 ; 4.031 ; 4.336 ; 4.452 ;
; col2       ; a           ; 4.055 ; 4.168 ; 4.470 ; 4.599 ;
; col2       ; b           ; 4.536 ; 4.680 ; 4.951 ; 5.091 ;
; col2       ; c           ; 3.772 ; 3.804 ; 4.183 ; 4.215 ;
; col2       ; d           ; 3.953 ; 3.955 ; 4.374 ; 4.366 ;
; col2       ; e           ; 4.229 ; 4.251 ; 4.784 ; 4.533 ;
; col2       ; f           ; 4.143 ; 4.176 ; 4.564 ; 4.587 ;
; col2       ; g           ; 4.150 ; 4.229 ; 4.561 ; 4.645 ;
; col3       ; LedR        ; 4.466 ; 4.347 ; 4.903 ; 4.784 ;
; col3       ; LedV        ; 4.329 ; 4.447 ; 4.766 ; 4.884 ;
; col3       ; Sortie      ; 4.216 ; 4.322 ; 4.653 ; 4.759 ;
; col3       ; a           ; 4.201 ; 4.319 ; 4.645 ; 4.752 ;
; col3       ; b           ; 4.682 ; 4.693 ; 5.126 ; 5.257 ;
; col3       ; c           ; 4.063 ; 4.095 ; 4.500 ; 4.532 ;
; col3       ; d           ; 4.244 ; 4.246 ; 4.681 ; 4.683 ;
; col3       ; e           ; 4.596 ; 4.542 ; 5.091 ; 4.878 ;
; col3       ; f           ; 4.434 ; 4.467 ; 4.871 ; 4.904 ;
; col3       ; g           ; 4.441 ; 4.520 ; 4.878 ; 4.957 ;
; col4       ; LedR        ; 4.611 ; 4.442 ; 4.969 ; 5.006 ;
; col4       ; LedV        ; 4.424 ; 4.592 ; 4.988 ; 4.950 ;
; col4       ; Sortie      ; 4.311 ; 4.467 ; 4.875 ; 4.825 ;
; col4       ; a           ; 3.947 ; 4.210 ; 4.637 ; 4.486 ;
; col4       ; b           ; 4.557 ; 4.730 ; 5.081 ; 5.083 ;
; col4       ; c           ; 4.364 ; 4.353 ; 4.743 ; 4.874 ;
; col4       ; d           ; 4.299 ; 4.373 ; 4.820 ; 4.803 ;
; col4       ; e           ; 4.399 ; 4.320 ; 4.890 ; 4.817 ;
; col4       ; f           ; 4.489 ; 4.592 ; 5.009 ; 5.024 ;
; col4       ; g           ; 4.626 ; 4.575 ; 4.998 ; 5.176 ;
; lig1       ; LedR        ; 4.240 ; 4.256 ; 4.652 ; 4.662 ;
; lig1       ; LedV        ; 4.238 ; 4.221 ; 4.644 ; 4.633 ;
; lig1       ; Sortie      ; 4.125 ; 4.096 ; 4.531 ; 4.508 ;
; lig1       ; a           ; 3.908 ; 4.024 ; 4.320 ; 4.430 ;
; lig1       ; b           ; 4.389 ; 4.550 ; 4.801 ; 4.956 ;
; lig1       ; c           ; 4.178 ; 4.172 ; 4.523 ; 4.555 ;
; lig1       ; d           ; 4.091 ; 4.074 ; 4.503 ; 4.486 ;
; lig1       ; e           ; 4.631 ; 4.173 ; 4.714 ; 4.885 ;
; lig1       ; f           ; 4.280 ; 4.295 ; 4.692 ; 4.707 ;
; lig1       ; g           ; 4.269 ; 4.389 ; 4.681 ; 4.795 ;
; lig2       ; LedR        ; 4.422 ; 4.270 ; 4.832 ; 4.879 ;
; lig2       ; LedV        ; 4.252 ; 4.403 ; 4.861 ; 4.813 ;
; lig2       ; Sortie      ; 4.139 ; 4.278 ; 4.748 ; 4.688 ;
; lig2       ; a           ; 4.090 ; 4.165 ; 4.502 ; 4.573 ;
; lig2       ; b           ; 4.571 ; 4.688 ; 4.983 ; 5.064 ;
; lig2       ; c           ; 3.986 ; 4.018 ; 4.469 ; 4.517 ;
; lig2       ; d           ; 4.273 ; 4.169 ; 4.610 ; 4.668 ;
; lig2       ; e           ; 4.085 ; 4.348 ; 4.898 ; 4.385 ;
; lig2       ; f           ; 4.462 ; 4.390 ; 4.800 ; 4.889 ;
; lig2       ; g           ; 4.364 ; 4.448 ; 4.863 ; 4.886 ;
; lig3       ; LedR        ; 4.635 ; 4.508 ; 4.932 ; 4.935 ;
; lig3       ; LedV        ; 4.490 ; 4.616 ; 4.917 ; 4.913 ;
; lig3       ; Sortie      ; 4.377 ; 4.491 ; 4.804 ; 4.788 ;
; lig3       ; a           ; 4.339 ; 4.276 ; 4.600 ; 4.856 ;
; lig3       ; b           ; 4.789 ; 4.802 ; 5.081 ; 5.271 ;
; lig3       ; c           ; 4.232 ; 4.264 ; 4.651 ; 4.683 ;
; lig3       ; d           ; 4.365 ; 4.415 ; 4.783 ; 4.766 ;
; lig3       ; e           ; 4.605 ; 4.595 ; 5.181 ; 4.874 ;
; lig3       ; f           ; 4.555 ; 4.636 ; 4.972 ; 4.987 ;
; lig3       ; g           ; 4.610 ; 4.641 ; 4.961 ; 5.108 ;
; lig4       ; LedR        ; 4.536 ; 4.334 ; 4.750 ; 4.812 ;
; lig4       ; LedV        ; 4.316 ; 4.517 ; 4.794 ; 4.731 ;
; lig4       ; Sortie      ; 4.203 ; 4.392 ; 4.681 ; 4.606 ;
; lig4       ; a           ; 4.204 ; 4.102 ; 4.418 ; 4.674 ;
; lig4       ; b           ; 4.615 ; 4.628 ; 4.899 ; 5.089 ;
; lig4       ; c           ; 4.177 ; 4.209 ; 4.528 ; 4.560 ;
; lig4       ; d           ; 4.191 ; 4.265 ; 4.601 ; 4.584 ;
; lig4       ; e           ; 4.423 ; 4.448 ; 5.026 ; 4.673 ;
; lig4       ; f           ; 4.381 ; 4.484 ; 4.790 ; 4.805 ;
; lig4       ; g           ; 4.518 ; 4.467 ; 4.779 ; 4.957 ;
+------------+-------------+-------+-------+-------+-------+


+----------------------------------------------------------------------------+
; Multicorner Timing Analysis Summary                                        ;
+------------------+-------+------+----------+---------+---------------------+
; Clock            ; Setup ; Hold ; Recovery ; Removal ; Minimum Pulse Width ;
+------------------+-------+------+----------+---------+---------------------+
; Worst-case Slack ; N/A   ; N/A  ; N/A      ; N/A     ; N/A                 ;
; Design-wide TNS  ; 0.0   ; 0.0  ; 0.0      ; 0.0     ; 0.0                 ;
+------------------+-------+------+----------+---------+---------------------+


+--------------------------------------------------------------+
; Propagation Delay                                            ;
+------------+-------------+--------+--------+--------+--------+
; Input Port ; Output Port ; RR     ; RF     ; FR     ; FF     ;
+------------+-------------+--------+--------+--------+--------+
; col1       ; LedR        ; 12.138 ; 12.279 ; 12.048 ; 12.134 ;
; col1       ; LedV        ; 12.247 ; 12.106 ; 12.102 ; 12.016 ;
; col1       ; Sortie      ; 11.991 ; 11.864 ; 11.846 ; 11.774 ;
; col1       ; a           ; 14.062 ; 13.967 ; 13.917 ; 13.877 ;
; col1       ; b           ; 12.908 ; 12.999 ; 12.965 ; 12.782 ;
; col1       ; c           ; 13.371 ; 13.283 ; 13.226 ; 13.193 ;
; col1       ; d           ; 12.911 ; 12.870 ; 12.756 ; 12.766 ;
; col1       ; e           ; 13.092 ; 12.722 ; 12.494 ; 13.219 ;
; col1       ; f           ; 13.354 ; 13.327 ; 13.199 ; 13.223 ;
; col1       ; g           ; 13.436 ; 13.378 ; 13.281 ; 13.274 ;
; col2       ; LedR        ; 11.890 ; 12.293 ; 12.203 ; 12.086 ;
; col2       ; LedV        ; 12.261 ; 11.858 ; 12.054 ; 12.171 ;
; col2       ; Sortie      ; 12.005 ; 11.616 ; 11.798 ; 11.929 ;
; col2       ; a           ; 14.076 ; 13.719 ; 13.869 ; 14.032 ;
; col2       ; b           ; 12.922 ; 13.013 ; 13.120 ; 12.937 ;
; col2       ; c           ; 13.385 ; 13.035 ; 13.178 ; 13.348 ;
; col2       ; d           ; 12.925 ; 12.622 ; 12.718 ; 12.921 ;
; col2       ; e           ; 12.924 ; 12.703 ; 12.717 ; 13.202 ;
; col2       ; f           ; 13.368 ; 13.079 ; 13.161 ; 13.378 ;
; col2       ; g           ; 13.450 ; 13.130 ; 13.243 ; 13.429 ;
; col3       ; LedR        ; 12.798 ; 12.939 ; 12.692 ; 12.778 ;
; col3       ; LedV        ; 12.907 ; 12.766 ; 12.746 ; 12.660 ;
; col3       ; Sortie      ; 12.651 ; 12.524 ; 12.490 ; 12.418 ;
; col3       ; a           ; 14.722 ; 14.627 ; 14.561 ; 14.521 ;
; col3       ; b           ; 13.568 ; 13.659 ; 13.609 ; 13.426 ;
; col3       ; c           ; 14.031 ; 13.943 ; 13.870 ; 13.837 ;
; col3       ; d           ; 13.571 ; 13.530 ; 13.400 ; 13.410 ;
; col3       ; e           ; 13.752 ; 13.244 ; 13.043 ; 13.863 ;
; col3       ; f           ; 14.014 ; 13.987 ; 13.843 ; 13.867 ;
; col3       ; g           ; 14.096 ; 14.038 ; 13.925 ; 13.918 ;
; col4       ; LedR        ; 13.224 ; 13.310 ; 13.463 ; 13.604 ;
; col4       ; LedV        ; 13.278 ; 13.192 ; 13.572 ; 13.431 ;
; col4       ; Sortie      ; 13.022 ; 12.950 ; 13.316 ; 13.189 ;
; col4       ; a           ; 15.093 ; 15.053 ; 15.387 ; 15.292 ;
; col4       ; b           ; 14.141 ; 13.958 ; 14.233 ; 14.324 ;
; col4       ; c           ; 14.402 ; 14.369 ; 14.696 ; 14.608 ;
; col4       ; d           ; 13.932 ; 13.942 ; 14.236 ; 14.195 ;
; col4       ; e           ; 13.593 ; 14.395 ; 14.417 ; 13.887 ;
; col4       ; f           ; 14.375 ; 14.399 ; 14.679 ; 14.652 ;
; col4       ; g           ; 14.457 ; 14.450 ; 14.761 ; 14.703 ;
; lig1       ; LedR        ; 12.550 ; 12.691 ; 12.502 ; 12.588 ;
; lig1       ; LedV        ; 12.659 ; 12.518 ; 12.556 ; 12.470 ;
; lig1       ; Sortie      ; 12.403 ; 12.276 ; 12.300 ; 12.228 ;
; lig1       ; a           ; 14.474 ; 14.390 ; 14.514 ; 14.498 ;
; lig1       ; b           ; 13.435 ; 13.411 ; 13.543 ; 13.374 ;
; lig1       ; c           ; 13.783 ; 13.695 ; 13.680 ; 13.647 ;
; lig1       ; d           ; 13.323 ; 13.282 ; 13.210 ; 13.220 ;
; lig1       ; e           ; 13.504 ; 13.449 ; 13.196 ; 13.673 ;
; lig1       ; f           ; 13.766 ; 13.739 ; 13.653 ; 13.677 ;
; lig1       ; g           ; 13.848 ; 13.790 ; 13.735 ; 13.728 ;
; lig2       ; LedR        ; 12.567 ; 12.708 ; 12.538 ; 12.624 ;
; lig2       ; LedV        ; 12.676 ; 12.535 ; 12.592 ; 12.506 ;
; lig2       ; Sortie      ; 12.420 ; 12.293 ; 12.336 ; 12.264 ;
; lig2       ; a           ; 14.541 ; 14.498 ; 14.630 ; 14.589 ;
; lig2       ; b           ; 13.543 ; 13.428 ; 13.634 ; 13.490 ;
; lig2       ; c           ; 13.800 ; 13.712 ; 13.716 ; 13.683 ;
; lig2       ; d           ; 13.340 ; 13.299 ; 13.246 ; 13.256 ;
; lig2       ; e           ; 13.521 ; 13.466 ; 13.232 ; 13.709 ;
; lig2       ; f           ; 13.783 ; 13.756 ; 13.689 ; 13.713 ;
; lig2       ; g           ; 13.865 ; 13.807 ; 13.771 ; 13.764 ;
; lig3       ; LedR        ; 12.838 ; 12.979 ; 12.692 ; 12.778 ;
; lig3       ; LedV        ; 12.947 ; 12.806 ; 12.746 ; 12.660 ;
; lig3       ; Sortie      ; 12.691 ; 12.564 ; 12.490 ; 12.418 ;
; lig3       ; a           ; 14.762 ; 14.667 ; 14.726 ; 14.699 ;
; lig3       ; b           ; 13.654 ; 13.699 ; 13.744 ; 13.586 ;
; lig3       ; c           ; 14.071 ; 13.983 ; 13.870 ; 13.837 ;
; lig3       ; d           ; 13.611 ; 13.570 ; 13.400 ; 13.410 ;
; lig3       ; e           ; 13.792 ; 13.574 ; 13.567 ; 13.863 ;
; lig3       ; f           ; 14.054 ; 14.027 ; 13.843 ; 13.867 ;
; lig3       ; g           ; 14.136 ; 14.078 ; 13.925 ; 13.918 ;
; lig4       ; LedR        ; 12.347 ; 12.555 ; 12.438 ; 12.661 ;
; lig4       ; LedV        ; 12.523 ; 12.315 ; 12.629 ; 12.406 ;
; lig4       ; Sortie      ; 12.267 ; 12.073 ; 12.373 ; 12.164 ;
; lig4       ; a           ; 14.632 ; 14.622 ; 14.752 ; 14.682 ;
; lig4       ; b           ; 13.667 ; 13.492 ; 13.727 ; 13.612 ;
; lig4       ; c           ; 13.647 ; 13.492 ; 13.753 ; 13.583 ;
; lig4       ; d           ; 13.187 ; 13.079 ; 13.293 ; 13.156 ;
; lig4       ; e           ; 13.301 ; 13.334 ; 13.292 ; 13.437 ;
; lig4       ; f           ; 13.630 ; 13.536 ; 13.736 ; 13.613 ;
; lig4       ; g           ; 13.712 ; 13.587 ; 13.818 ; 13.664 ;
+------------+-------------+--------+--------+--------+--------+


+----------------------------------------------------------+
; Minimum Propagation Delay                                ;
+------------+-------------+-------+-------+-------+-------+
; Input Port ; Output Port ; RR    ; RF    ; FR    ; FF    ;
+------------+-------------+-------+-------+-------+-------+
; col1       ; LedR        ; 4.199 ; 4.080 ; 4.600 ; 4.481 ;
; col1       ; LedV        ; 4.062 ; 4.180 ; 4.463 ; 4.581 ;
; col1       ; Sortie      ; 3.949 ; 4.055 ; 4.350 ; 4.456 ;
; col1       ; a           ; 4.043 ; 4.072 ; 4.457 ; 4.537 ;
; col1       ; b           ; 4.612 ; 4.605 ; 4.938 ; 4.959 ;
; col1       ; c           ; 3.796 ; 3.828 ; 4.197 ; 4.229 ;
; col1       ; d           ; 3.977 ; 3.979 ; 4.378 ; 4.380 ;
; col1       ; e           ; 4.238 ; 4.275 ; 4.788 ; 4.514 ;
; col1       ; f           ; 4.167 ; 4.200 ; 4.568 ; 4.601 ;
; col1       ; g           ; 4.174 ; 4.253 ; 4.575 ; 4.654 ;
; col2       ; LedR        ; 4.175 ; 4.056 ; 4.596 ; 4.467 ;
; col2       ; LedV        ; 4.038 ; 4.156 ; 4.449 ; 4.577 ;
; col2       ; Sortie      ; 3.925 ; 4.031 ; 4.336 ; 4.452 ;
; col2       ; a           ; 4.055 ; 4.168 ; 4.470 ; 4.599 ;
; col2       ; b           ; 4.536 ; 4.680 ; 4.951 ; 5.091 ;
; col2       ; c           ; 3.772 ; 3.804 ; 4.183 ; 4.215 ;
; col2       ; d           ; 3.953 ; 3.955 ; 4.374 ; 4.366 ;
; col2       ; e           ; 4.229 ; 4.251 ; 4.784 ; 4.533 ;
; col2       ; f           ; 4.143 ; 4.176 ; 4.564 ; 4.587 ;
; col2       ; g           ; 4.150 ; 4.229 ; 4.561 ; 4.645 ;
; col3       ; LedR        ; 4.466 ; 4.347 ; 4.903 ; 4.784 ;
; col3       ; LedV        ; 4.329 ; 4.447 ; 4.766 ; 4.884 ;
; col3       ; Sortie      ; 4.216 ; 4.322 ; 4.653 ; 4.759 ;
; col3       ; a           ; 4.201 ; 4.319 ; 4.645 ; 4.752 ;
; col3       ; b           ; 4.682 ; 4.693 ; 5.126 ; 5.257 ;
; col3       ; c           ; 4.063 ; 4.095 ; 4.500 ; 4.532 ;
; col3       ; d           ; 4.244 ; 4.246 ; 4.681 ; 4.683 ;
; col3       ; e           ; 4.596 ; 4.542 ; 5.091 ; 4.878 ;
; col3       ; f           ; 4.434 ; 4.467 ; 4.871 ; 4.904 ;
; col3       ; g           ; 4.441 ; 4.520 ; 4.878 ; 4.957 ;
; col4       ; LedR        ; 4.611 ; 4.442 ; 4.969 ; 5.006 ;
; col4       ; LedV        ; 4.424 ; 4.592 ; 4.988 ; 4.950 ;
; col4       ; Sortie      ; 4.311 ; 4.467 ; 4.875 ; 4.825 ;
; col4       ; a           ; 3.947 ; 4.210 ; 4.637 ; 4.486 ;
; col4       ; b           ; 4.557 ; 4.730 ; 5.081 ; 5.083 ;
; col4       ; c           ; 4.364 ; 4.353 ; 4.743 ; 4.874 ;
; col4       ; d           ; 4.299 ; 4.373 ; 4.820 ; 4.803 ;
; col4       ; e           ; 4.399 ; 4.320 ; 4.890 ; 4.817 ;
; col4       ; f           ; 4.489 ; 4.592 ; 5.009 ; 5.024 ;
; col4       ; g           ; 4.626 ; 4.575 ; 4.998 ; 5.176 ;
; lig1       ; LedR        ; 4.240 ; 4.256 ; 4.652 ; 4.662 ;
; lig1       ; LedV        ; 4.238 ; 4.221 ; 4.644 ; 4.633 ;
; lig1       ; Sortie      ; 4.125 ; 4.096 ; 4.531 ; 4.508 ;
; lig1       ; a           ; 3.908 ; 4.024 ; 4.320 ; 4.430 ;
; lig1       ; b           ; 4.389 ; 4.550 ; 4.801 ; 4.956 ;
; lig1       ; c           ; 4.178 ; 4.172 ; 4.523 ; 4.555 ;
; lig1       ; d           ; 4.091 ; 4.074 ; 4.503 ; 4.486 ;
; lig1       ; e           ; 4.631 ; 4.173 ; 4.714 ; 4.885 ;
; lig1       ; f           ; 4.280 ; 4.295 ; 4.692 ; 4.707 ;
; lig1       ; g           ; 4.269 ; 4.389 ; 4.681 ; 4.795 ;
; lig2       ; LedR        ; 4.422 ; 4.270 ; 4.832 ; 4.879 ;
; lig2       ; LedV        ; 4.252 ; 4.403 ; 4.861 ; 4.813 ;
; lig2       ; Sortie      ; 4.139 ; 4.278 ; 4.748 ; 4.688 ;
; lig2       ; a           ; 4.090 ; 4.165 ; 4.502 ; 4.573 ;
; lig2       ; b           ; 4.571 ; 4.688 ; 4.983 ; 5.064 ;
; lig2       ; c           ; 3.986 ; 4.018 ; 4.469 ; 4.517 ;
; lig2       ; d           ; 4.273 ; 4.169 ; 4.610 ; 4.668 ;
; lig2       ; e           ; 4.085 ; 4.348 ; 4.898 ; 4.385 ;
; lig2       ; f           ; 4.462 ; 4.390 ; 4.800 ; 4.889 ;
; lig2       ; g           ; 4.364 ; 4.448 ; 4.863 ; 4.886 ;
; lig3       ; LedR        ; 4.635 ; 4.508 ; 4.932 ; 4.935 ;
; lig3       ; LedV        ; 4.490 ; 4.616 ; 4.917 ; 4.913 ;
; lig3       ; Sortie      ; 4.377 ; 4.491 ; 4.804 ; 4.788 ;
; lig3       ; a           ; 4.339 ; 4.276 ; 4.600 ; 4.856 ;
; lig3       ; b           ; 4.789 ; 4.802 ; 5.081 ; 5.271 ;
; lig3       ; c           ; 4.232 ; 4.264 ; 4.651 ; 4.683 ;
; lig3       ; d           ; 4.365 ; 4.415 ; 4.783 ; 4.766 ;
; lig3       ; e           ; 4.605 ; 4.595 ; 5.181 ; 4.874 ;
; lig3       ; f           ; 4.555 ; 4.636 ; 4.972 ; 4.987 ;
; lig3       ; g           ; 4.610 ; 4.641 ; 4.961 ; 5.108 ;
; lig4       ; LedR        ; 4.536 ; 4.334 ; 4.750 ; 4.812 ;
; lig4       ; LedV        ; 4.316 ; 4.517 ; 4.794 ; 4.731 ;
; lig4       ; Sortie      ; 4.203 ; 4.392 ; 4.681 ; 4.606 ;
; lig4       ; a           ; 4.204 ; 4.102 ; 4.418 ; 4.674 ;
; lig4       ; b           ; 4.615 ; 4.628 ; 4.899 ; 5.089 ;
; lig4       ; c           ; 4.177 ; 4.209 ; 4.528 ; 4.560 ;
; lig4       ; d           ; 4.191 ; 4.265 ; 4.601 ; 4.584 ;
; lig4       ; e           ; 4.423 ; 4.448 ; 5.026 ; 4.673 ;
; lig4       ; f           ; 4.381 ; 4.484 ; 4.790 ; 4.805 ;
; lig4       ; g           ; 4.518 ; 4.467 ; 4.779 ; 4.957 ;
+------------+-------------+-------+-------+-------+-------+


+-----------------------------------------------------------------------------------------------------------------------------------------------------------------------------------------------------------------------------------------------------------------------------------------------------------------------------------------------------------------------------------------------------------------+
; Board Trace Model Assignments                                                                                                                                                                                                                                                                                                                                                                                   ;
+--------------+--------------+-------------------+-------------------------+-------------------------+---------------+---------------------+----------------+------------------+--------+------------------+------------------------+------------------------+--------------+---------------+-----------------+-------+---------------------+--------------------+---------------+-----------------+-------------+
; Pin          ; I/O Standard ; Near Tline Length ; Near Tline L per Length ; Near Tline C per Length ; Near Series R ; Near Differential R ; Near Pull-up R ; Near Pull-down R ; Near C ; Far Tline Length ; Far Tline L per Length ; Far Tline C per Length ; Far Series R ; Far Pull-up R ; Far Pull-down R ; Far C ; Termination Voltage ; Far Differential R ; EBD File Name ; EBD Signal Name ; EBD Far-end ;
+--------------+--------------+-------------------+-------------------------+-------------------------+---------------+---------------------+----------------+------------------+--------+------------------+------------------------+------------------------+--------------+---------------+-----------------+-------+---------------------+--------------------+---------------+-----------------+-------------+
; Sortie       ; 2.5 V        ; 0 in              ; 0 H/in                  ; 0 F/in                  ; short         ; -                   ; open           ; open             ; open   ; 0 in             ; 0 H/in                 ; 0 F/in                 ; short        ; open          ; open            ; open  ; 0 V                 ; -                  ; n/a           ; n/a             ; n/a         ;
; LedR         ; 2.5 V        ; 0 in              ; 0 H/in                  ; 0 F/in                  ; short         ; -                   ; open           ; open             ; open   ; 0 in             ; 0 H/in                 ; 0 F/in                 ; short        ; open          ; open            ; open  ; 0 V                 ; -                  ; n/a           ; n/a             ; n/a         ;
; LedV         ; 2.5 V        ; 0 in              ; 0 H/in                  ; 0 F/in                  ; short         ; -                   ; open           ; open             ; open   ; 0 in             ; 0 H/in                 ; 0 F/in                 ; short        ; open          ; open            ; open  ; 0 V                 ; -                  ; n/a           ; n/a             ; n/a         ;
; a            ; 2.5 V        ; 0 in              ; 0 H/in                  ; 0 F/in                  ; short         ; -                   ; open           ; open             ; open   ; 0 in             ; 0 H/in                 ; 0 F/in                 ; short        ; open          ; open            ; open  ; 0 V                 ; -                  ; n/a           ; n/a             ; n/a         ;
; b            ; 2.5 V        ; 0 in              ; 0 H/in                  ; 0 F/in                  ; short         ; -                   ; open           ; open             ; open   ; 0 in             ; 0 H/in                 ; 0 F/in                 ; short        ; open          ; open            ; open  ; 0 V                 ; -                  ; n/a           ; n/a             ; n/a         ;
; c            ; 2.5 V        ; 0 in              ; 0 H/in                  ; 0 F/in                  ; short         ; -                   ; open           ; open             ; open   ; 0 in             ; 0 H/in                 ; 0 F/in                 ; short        ; open          ; open            ; open  ; 0 V                 ; -                  ; n/a           ; n/a             ; n/a         ;
; d            ; 2.5 V        ; 0 in              ; 0 H/in                  ; 0 F/in                  ; short         ; -                   ; open           ; open             ; open   ; 0 in             ; 0 H/in                 ; 0 F/in                 ; short        ; open          ; open            ; open  ; 0 V                 ; -                  ; n/a           ; n/a             ; n/a         ;
; e            ; 2.5 V        ; 0 in              ; 0 H/in                  ; 0 F/in                  ; short         ; -                   ; open           ; open             ; open   ; 0 in             ; 0 H/in                 ; 0 F/in                 ; short        ; open          ; open            ; open  ; 0 V                 ; -                  ; n/a           ; n/a             ; n/a         ;
; f            ; 2.5 V        ; 0 in              ; 0 H/in                  ; 0 F/in                  ; short         ; -                   ; open           ; open             ; open   ; 0 in             ; 0 H/in                 ; 0 F/in                 ; short        ; open          ; open            ; open  ; 0 V                 ; -                  ; n/a           ; n/a             ; n/a         ;
; g            ; 2.5 V        ; 0 in              ; 0 H/in                  ; 0 F/in                  ; short         ; -                   ; open           ; open             ; open   ; 0 in             ; 0 H/in                 ; 0 F/in                 ; short        ; open          ; open            ; open  ; 0 V                 ; -                  ; n/a           ; n/a             ; n/a         ;
; ~ALTERA_TDO~ ; 2.5 V        ; 0 in              ; 0 H/in                  ; 0 F/in                  ; short         ; -                   ; open           ; open             ; open   ; 0 in             ; 0 H/in                 ; 0 F/in                 ; short        ; open          ; open            ; open  ; 0 V                 ; -                  ; n/a           ; n/a             ; n/a         ;
+--------------+--------------+-------------------+-------------------------+-------------------------+---------------+---------------------+----------------+------------------+--------+------------------+------------------------+------------------------+--------------+---------------+-----------------+-------+---------------------+--------------------+---------------+-----------------+-------------+


+---------------------------------------------------------------------------------+
; Input Transition Times                                                          ;
+---------------------+-----------------------+-----------------+-----------------+
; Pin                 ; I/O Standard          ; 10-90 Rise Time ; 90-10 Fall Time ;
+---------------------+-----------------------+-----------------+-----------------+
; col4                ; 2.5 V                 ; 2000 ps         ; 2000 ps         ;
; lig1                ; 2.5 V                 ; 2000 ps         ; 2000 ps         ;
; col3                ; 2.5 V                 ; 2000 ps         ; 2000 ps         ;
; col1                ; 2.5 V                 ; 2000 ps         ; 2000 ps         ;
; lig4                ; 2.5 V                 ; 2000 ps         ; 2000 ps         ;
; lig3                ; 2.5 V                 ; 2000 ps         ; 2000 ps         ;
; lig2                ; 2.5 V                 ; 2000 ps         ; 2000 ps         ;
; col2                ; 2.5 V                 ; 2000 ps         ; 2000 ps         ;
; ~ALTERA_TMS~        ; 2.5 V Schmitt Trigger ; 2000 ps         ; 2000 ps         ;
; ~ALTERA_TCK~        ; 2.5 V Schmitt Trigger ; 2000 ps         ; 2000 ps         ;
; ~ALTERA_TDI~        ; 2.5 V Schmitt Trigger ; 2000 ps         ; 2000 ps         ;
; ~ALTERA_CONFIG_SEL~ ; 2.5 V                 ; 2000 ps         ; 2000 ps         ;
; ~ALTERA_nCONFIG~    ; 2.5 V Schmitt Trigger ; 2000 ps         ; 2000 ps         ;
; ~ALTERA_nSTATUS~    ; 2.5 V Schmitt Trigger ; 2000 ps         ; 2000 ps         ;
; ~ALTERA_CONF_DONE~  ; 2.5 V Schmitt Trigger ; 2000 ps         ; 2000 ps         ;
+---------------------+-----------------------+-----------------+-----------------+


+-------------------------------------------------------------------------------------------------------------------------------------------------------------------------------------------------------------------------------------------------------------------------------------------------------------------------------------------------------------------------------------------------------------------------------------------------------------------------------------------------------------------------------------------------------------------------------------------------------------------------------------------------------------------------------------------+
; Signal Integrity Metrics (Slow 1200mv 0c Model)                                                                                                                                                                                                                                                                                                                                                                                                                                                                                                                                                                                                                                           ;
+--------------+--------------+---------------------+---------------------+------------------------------+------------------------------+---------------------+---------------------+--------------------------------------+--------------------------------------+-----------------------------+-----------------------------+----------------------------+----------------------------+-----------------------------+-----------------------------+--------------------+--------------------+-------------------------------------+-------------------------------------+----------------------------+----------------------------+---------------------------+---------------------------+
; Pin          ; I/O Standard ; Board Delay on Rise ; Board Delay on Fall ; Steady State Voh at FPGA Pin ; Steady State Vol at FPGA Pin ; Voh Max at FPGA Pin ; Vol Min at FPGA Pin ; Ringback Voltage on Rise at FPGA Pin ; Ringback Voltage on Fall at FPGA Pin ; 10-90 Rise Time at FPGA Pin ; 90-10 Fall Time at FPGA Pin ; Monotonic Rise at FPGA Pin ; Monotonic Fall at FPGA Pin ; Steady State Voh at Far-end ; Steady State Vol at Far-end ; Voh Max at Far-end ; Vol Min at Far-end ; Ringback Voltage on Rise at Far-end ; Ringback Voltage on Fall at Far-end ; 10-90 Rise Time at Far-end ; 90-10 Fall Time at Far-end ; Monotonic Rise at Far-end ; Monotonic Fall at Far-end ;
+--------------+--------------+---------------------+---------------------+------------------------------+------------------------------+---------------------+---------------------+--------------------------------------+--------------------------------------+-----------------------------+-----------------------------+----------------------------+----------------------------+-----------------------------+-----------------------------+--------------------+--------------------+-------------------------------------+-------------------------------------+----------------------------+----------------------------+---------------------------+---------------------------+
; Sortie       ; 2.5 V        ; 0 s                 ; 0 s                 ; 2.32 V                       ; 1.32e-08 V                   ; 2.39 V              ; -0.0678 V           ; 0.243 V                              ; 0.271 V                              ; 4.88e-10 s                  ; 6.73e-10 s                  ; No                         ; No                         ; 2.32 V                      ; 1.32e-08 V                  ; 2.39 V             ; -0.0678 V          ; 0.243 V                             ; 0.271 V                             ; 4.88e-10 s                 ; 6.73e-10 s                 ; No                        ; No                        ;
; LedR         ; 2.5 V        ; 0 s                 ; 0 s                 ; 2.32 V                       ; 1.32e-08 V                   ; 2.39 V              ; -0.0678 V           ; 0.243 V                              ; 0.271 V                              ; 4.88e-10 s                  ; 6.73e-10 s                  ; No                         ; No                         ; 2.32 V                      ; 1.32e-08 V                  ; 2.39 V             ; -0.0678 V          ; 0.243 V                             ; 0.271 V                             ; 4.88e-10 s                 ; 6.73e-10 s                 ; No                        ; No                        ;
; LedV         ; 2.5 V        ; 0 s                 ; 0 s                 ; 2.32 V                       ; 1.32e-08 V                   ; 2.39 V              ; -0.0678 V           ; 0.243 V                              ; 0.271 V                              ; 4.88e-10 s                  ; 6.73e-10 s                  ; No                         ; No                         ; 2.32 V                      ; 1.32e-08 V                  ; 2.39 V             ; -0.0678 V          ; 0.243 V                             ; 0.271 V                             ; 4.88e-10 s                 ; 6.73e-10 s                 ; No                        ; No                        ;
; a            ; 2.5 V        ; 0 s                 ; 0 s                 ; 2.32 V                       ; 1.32e-08 V                   ; 2.39 V              ; -0.0678 V           ; 0.243 V                              ; 0.271 V                              ; 4.88e-10 s                  ; 6.73e-10 s                  ; No                         ; No                         ; 2.32 V                      ; 1.32e-08 V                  ; 2.39 V             ; -0.0678 V          ; 0.243 V                             ; 0.271 V                             ; 4.88e-10 s                 ; 6.73e-10 s                 ; No                        ; No                        ;
; b            ; 2.5 V        ; 0 s                 ; 0 s                 ; 2.32 V                       ; 1.32e-08 V                   ; 2.39 V              ; -0.0678 V           ; 0.243 V                              ; 0.271 V                              ; 4.88e-10 s                  ; 6.73e-10 s                  ; No                         ; No                         ; 2.32 V                      ; 1.32e-08 V                  ; 2.39 V             ; -0.0678 V          ; 0.243 V                             ; 0.271 V                             ; 4.88e-10 s                 ; 6.73e-10 s                 ; No                        ; No                        ;
; c            ; 2.5 V        ; 0 s                 ; 0 s                 ; 2.32 V                       ; 1.32e-08 V                   ; 2.39 V              ; -0.0678 V           ; 0.243 V                              ; 0.271 V                              ; 4.88e-10 s                  ; 6.73e-10 s                  ; No                         ; No                         ; 2.32 V                      ; 1.32e-08 V                  ; 2.39 V             ; -0.0678 V          ; 0.243 V                             ; 0.271 V                             ; 4.88e-10 s                 ; 6.73e-10 s                 ; No                        ; No                        ;
; d            ; 2.5 V        ; 0 s                 ; 0 s                 ; 2.32 V                       ; 1.32e-08 V                   ; 2.39 V              ; -0.0678 V           ; 0.243 V                              ; 0.271 V                              ; 4.88e-10 s                  ; 6.73e-10 s                  ; No                         ; No                         ; 2.32 V                      ; 1.32e-08 V                  ; 2.39 V             ; -0.0678 V          ; 0.243 V                             ; 0.271 V                             ; 4.88e-10 s                 ; 6.73e-10 s                 ; No                        ; No                        ;
; e            ; 2.5 V        ; 0 s                 ; 0 s                 ; 2.32 V                       ; 1.32e-08 V                   ; 2.39 V              ; -0.0678 V           ; 0.243 V                              ; 0.271 V                              ; 4.88e-10 s                  ; 6.73e-10 s                  ; No                         ; No                         ; 2.32 V                      ; 1.32e-08 V                  ; 2.39 V             ; -0.0678 V          ; 0.243 V                             ; 0.271 V                             ; 4.88e-10 s                 ; 6.73e-10 s                 ; No                        ; No                        ;
; f            ; 2.5 V        ; 0 s                 ; 0 s                 ; 2.32 V                       ; 1.32e-08 V                   ; 2.39 V              ; -0.0678 V           ; 0.243 V                              ; 0.271 V                              ; 4.88e-10 s                  ; 6.73e-10 s                  ; No                         ; No                         ; 2.32 V                      ; 1.32e-08 V                  ; 2.39 V             ; -0.0678 V          ; 0.243 V                             ; 0.271 V                             ; 4.88e-10 s                 ; 6.73e-10 s                 ; No                        ; No                        ;
; g            ; 2.5 V        ; 0 s                 ; 0 s                 ; 2.32 V                       ; 1.32e-08 V                   ; 2.39 V              ; -0.0678 V           ; 0.243 V                              ; 0.271 V                              ; 4.88e-10 s                  ; 6.73e-10 s                  ; No                         ; No                         ; 2.32 V                      ; 1.32e-08 V                  ; 2.39 V             ; -0.0678 V          ; 0.243 V                             ; 0.271 V                             ; 4.88e-10 s                 ; 6.73e-10 s                 ; No                        ; No                        ;
; ~ALTERA_TDO~ ; 2.5 V        ; 0 s                 ; 0 s                 ; 2.32 V                       ; 1.69e-08 V                   ; 2.37 V              ; -0.0453 V           ; 0.185 V                              ; 0.166 V                              ; 6.63e-10 s                  ; 8.19e-10 s                  ; No                         ; No                         ; 2.32 V                      ; 1.69e-08 V                  ; 2.37 V             ; -0.0453 V          ; 0.185 V                             ; 0.166 V                             ; 6.63e-10 s                 ; 8.19e-10 s                 ; No                        ; No                        ;
+--------------+--------------+---------------------+---------------------+------------------------------+------------------------------+---------------------+---------------------+--------------------------------------+--------------------------------------+-----------------------------+-----------------------------+----------------------------+----------------------------+-----------------------------+-----------------------------+--------------------+--------------------+-------------------------------------+-------------------------------------+----------------------------+----------------------------+---------------------------+---------------------------+


+-------------------------------------------------------------------------------------------------------------------------------------------------------------------------------------------------------------------------------------------------------------------------------------------------------------------------------------------------------------------------------------------------------------------------------------------------------------------------------------------------------------------------------------------------------------------------------------------------------------------------------------------------------------------------------------------+
; Signal Integrity Metrics (Slow 1200mv 85c Model)                                                                                                                                                                                                                                                                                                                                                                                                                                                                                                                                                                                                                                          ;
+--------------+--------------+---------------------+---------------------+------------------------------+------------------------------+---------------------+---------------------+--------------------------------------+--------------------------------------+-----------------------------+-----------------------------+----------------------------+----------------------------+-----------------------------+-----------------------------+--------------------+--------------------+-------------------------------------+-------------------------------------+----------------------------+----------------------------+---------------------------+---------------------------+
; Pin          ; I/O Standard ; Board Delay on Rise ; Board Delay on Fall ; Steady State Voh at FPGA Pin ; Steady State Vol at FPGA Pin ; Voh Max at FPGA Pin ; Vol Min at FPGA Pin ; Ringback Voltage on Rise at FPGA Pin ; Ringback Voltage on Fall at FPGA Pin ; 10-90 Rise Time at FPGA Pin ; 90-10 Fall Time at FPGA Pin ; Monotonic Rise at FPGA Pin ; Monotonic Fall at FPGA Pin ; Steady State Voh at Far-end ; Steady State Vol at Far-end ; Voh Max at Far-end ; Vol Min at Far-end ; Ringback Voltage on Rise at Far-end ; Ringback Voltage on Fall at Far-end ; 10-90 Rise Time at Far-end ; 90-10 Fall Time at Far-end ; Monotonic Rise at Far-end ; Monotonic Fall at Far-end ;
+--------------+--------------+---------------------+---------------------+------------------------------+------------------------------+---------------------+---------------------+--------------------------------------+--------------------------------------+-----------------------------+-----------------------------+----------------------------+----------------------------+-----------------------------+-----------------------------+--------------------+--------------------+-------------------------------------+-------------------------------------+----------------------------+----------------------------+---------------------------+---------------------------+
; Sortie       ; 2.5 V        ; 0 s                 ; 0 s                 ; 2.32 V                       ; 1.87e-06 V                   ; 2.36 V              ; -0.0399 V           ; 0.161 V                              ; 0.192 V                              ; 6.62e-10 s                  ; 8.45e-10 s                  ; No                         ; No                         ; 2.32 V                      ; 1.87e-06 V                  ; 2.36 V             ; -0.0399 V          ; 0.161 V                             ; 0.192 V                             ; 6.62e-10 s                 ; 8.45e-10 s                 ; No                        ; No                        ;
; LedR         ; 2.5 V        ; 0 s                 ; 0 s                 ; 2.32 V                       ; 1.87e-06 V                   ; 2.36 V              ; -0.0399 V           ; 0.161 V                              ; 0.192 V                              ; 6.62e-10 s                  ; 8.45e-10 s                  ; No                         ; No                         ; 2.32 V                      ; 1.87e-06 V                  ; 2.36 V             ; -0.0399 V          ; 0.161 V                             ; 0.192 V                             ; 6.62e-10 s                 ; 8.45e-10 s                 ; No                        ; No                        ;
; LedV         ; 2.5 V        ; 0 s                 ; 0 s                 ; 2.32 V                       ; 1.87e-06 V                   ; 2.36 V              ; -0.0399 V           ; 0.161 V                              ; 0.192 V                              ; 6.62e-10 s                  ; 8.45e-10 s                  ; No                         ; No                         ; 2.32 V                      ; 1.87e-06 V                  ; 2.36 V             ; -0.0399 V          ; 0.161 V                             ; 0.192 V                             ; 6.62e-10 s                 ; 8.45e-10 s                 ; No                        ; No                        ;
; a            ; 2.5 V        ; 0 s                 ; 0 s                 ; 2.32 V                       ; 1.87e-06 V                   ; 2.36 V              ; -0.0399 V           ; 0.161 V                              ; 0.192 V                              ; 6.62e-10 s                  ; 8.45e-10 s                  ; No                         ; No                         ; 2.32 V                      ; 1.87e-06 V                  ; 2.36 V             ; -0.0399 V          ; 0.161 V                             ; 0.192 V                             ; 6.62e-10 s                 ; 8.45e-10 s                 ; No                        ; No                        ;
; b            ; 2.5 V        ; 0 s                 ; 0 s                 ; 2.32 V                       ; 1.87e-06 V                   ; 2.36 V              ; -0.0399 V           ; 0.161 V                              ; 0.192 V                              ; 6.62e-10 s                  ; 8.45e-10 s                  ; No                         ; No                         ; 2.32 V                      ; 1.87e-06 V                  ; 2.36 V             ; -0.0399 V          ; 0.161 V                             ; 0.192 V                             ; 6.62e-10 s                 ; 8.45e-10 s                 ; No                        ; No                        ;
; c            ; 2.5 V        ; 0 s                 ; 0 s                 ; 2.32 V                       ; 1.87e-06 V                   ; 2.36 V              ; -0.0399 V           ; 0.161 V                              ; 0.192 V                              ; 6.62e-10 s                  ; 8.45e-10 s                  ; No                         ; No                         ; 2.32 V                      ; 1.87e-06 V                  ; 2.36 V             ; -0.0399 V          ; 0.161 V                             ; 0.192 V                             ; 6.62e-10 s                 ; 8.45e-10 s                 ; No                        ; No                        ;
; d            ; 2.5 V        ; 0 s                 ; 0 s                 ; 2.32 V                       ; 1.87e-06 V                   ; 2.36 V              ; -0.0399 V           ; 0.161 V                              ; 0.192 V                              ; 6.62e-10 s                  ; 8.45e-10 s                  ; No                         ; No                         ; 2.32 V                      ; 1.87e-06 V                  ; 2.36 V             ; -0.0399 V          ; 0.161 V                             ; 0.192 V                             ; 6.62e-10 s                 ; 8.45e-10 s                 ; No                        ; No                        ;
; e            ; 2.5 V        ; 0 s                 ; 0 s                 ; 2.32 V                       ; 1.87e-06 V                   ; 2.36 V              ; -0.0399 V           ; 0.161 V                              ; 0.192 V                              ; 6.62e-10 s                  ; 8.45e-10 s                  ; No                         ; No                         ; 2.32 V                      ; 1.87e-06 V                  ; 2.36 V             ; -0.0399 V          ; 0.161 V                             ; 0.192 V                             ; 6.62e-10 s                 ; 8.45e-10 s                 ; No                        ; No                        ;
; f            ; 2.5 V        ; 0 s                 ; 0 s                 ; 2.32 V                       ; 1.87e-06 V                   ; 2.36 V              ; -0.0399 V           ; 0.161 V                              ; 0.192 V                              ; 6.62e-10 s                  ; 8.45e-10 s                  ; No                         ; No                         ; 2.32 V                      ; 1.87e-06 V                  ; 2.36 V             ; -0.0399 V          ; 0.161 V                             ; 0.192 V                             ; 6.62e-10 s                 ; 8.45e-10 s                 ; No                        ; No                        ;
; g            ; 2.5 V        ; 0 s                 ; 0 s                 ; 2.32 V                       ; 1.87e-06 V                   ; 2.36 V              ; -0.0399 V           ; 0.161 V                              ; 0.192 V                              ; 6.62e-10 s                  ; 8.45e-10 s                  ; No                         ; No                         ; 2.32 V                      ; 1.87e-06 V                  ; 2.36 V             ; -0.0399 V          ; 0.161 V                             ; 0.192 V                             ; 6.62e-10 s                 ; 8.45e-10 s                 ; No                        ; No                        ;
; ~ALTERA_TDO~ ; 2.5 V        ; 0 s                 ; 0 s                 ; 2.32 V                       ; 2.47e-06 V                   ; 2.35 V              ; -0.021 V            ; 0.153 V                              ; 0.139 V                              ; 8.47e-10 s                  ; 9.84e-10 s                  ; No                         ; No                         ; 2.32 V                      ; 2.47e-06 V                  ; 2.35 V             ; -0.021 V           ; 0.153 V                             ; 0.139 V                             ; 8.47e-10 s                 ; 9.84e-10 s                 ; No                        ; No                        ;
+--------------+--------------+---------------------+---------------------+------------------------------+------------------------------+---------------------+---------------------+--------------------------------------+--------------------------------------+-----------------------------+-----------------------------+----------------------------+----------------------------+-----------------------------+-----------------------------+--------------------+--------------------+-------------------------------------+-------------------------------------+----------------------------+----------------------------+---------------------------+---------------------------+


+-------------------------------------------------------------------------------------------------------------------------------------------------------------------------------------------------------------------------------------------------------------------------------------------------------------------------------------------------------------------------------------------------------------------------------------------------------------------------------------------------------------------------------------------------------------------------------------------------------------------------------------------------------------------------------------------+
; Signal Integrity Metrics (Fast 1200mv 0c Model)                                                                                                                                                                                                                                                                                                                                                                                                                                                                                                                                                                                                                                           ;
+--------------+--------------+---------------------+---------------------+------------------------------+------------------------------+---------------------+---------------------+--------------------------------------+--------------------------------------+-----------------------------+-----------------------------+----------------------------+----------------------------+-----------------------------+-----------------------------+--------------------+--------------------+-------------------------------------+-------------------------------------+----------------------------+----------------------------+---------------------------+---------------------------+
; Pin          ; I/O Standard ; Board Delay on Rise ; Board Delay on Fall ; Steady State Voh at FPGA Pin ; Steady State Vol at FPGA Pin ; Voh Max at FPGA Pin ; Vol Min at FPGA Pin ; Ringback Voltage on Rise at FPGA Pin ; Ringback Voltage on Fall at FPGA Pin ; 10-90 Rise Time at FPGA Pin ; 90-10 Fall Time at FPGA Pin ; Monotonic Rise at FPGA Pin ; Monotonic Fall at FPGA Pin ; Steady State Voh at Far-end ; Steady State Vol at Far-end ; Voh Max at Far-end ; Vol Min at Far-end ; Ringback Voltage on Rise at Far-end ; Ringback Voltage on Fall at Far-end ; 10-90 Rise Time at Far-end ; 90-10 Fall Time at Far-end ; Monotonic Rise at Far-end ; Monotonic Fall at Far-end ;
+--------------+--------------+---------------------+---------------------+------------------------------+------------------------------+---------------------+---------------------+--------------------------------------+--------------------------------------+-----------------------------+-----------------------------+----------------------------+----------------------------+-----------------------------+-----------------------------+--------------------+--------------------+-------------------------------------+-------------------------------------+----------------------------+----------------------------+---------------------------+---------------------------+
; Sortie       ; 2.5 V        ; 0 s                 ; 0 s                 ; 2.62 V                       ; 1.4e-07 V                    ; 2.76 V              ; -0.022 V            ; 0.337 V                              ; 0.036 V                              ; 2.94e-10 s                  ; 4.52e-10 s                  ; No                         ; Yes                        ; 2.62 V                      ; 1.4e-07 V                   ; 2.76 V             ; -0.022 V           ; 0.337 V                             ; 0.036 V                             ; 2.94e-10 s                 ; 4.52e-10 s                 ; No                        ; Yes                       ;
; LedR         ; 2.5 V        ; 0 s                 ; 0 s                 ; 2.62 V                       ; 1.4e-07 V                    ; 2.76 V              ; -0.022 V            ; 0.337 V                              ; 0.036 V                              ; 2.94e-10 s                  ; 4.52e-10 s                  ; No                         ; Yes                        ; 2.62 V                      ; 1.4e-07 V                   ; 2.76 V             ; -0.022 V           ; 0.337 V                             ; 0.036 V                             ; 2.94e-10 s                 ; 4.52e-10 s                 ; No                        ; Yes                       ;
; LedV         ; 2.5 V        ; 0 s                 ; 0 s                 ; 2.62 V                       ; 1.4e-07 V                    ; 2.76 V              ; -0.022 V            ; 0.337 V                              ; 0.036 V                              ; 2.94e-10 s                  ; 4.52e-10 s                  ; No                         ; Yes                        ; 2.62 V                      ; 1.4e-07 V                   ; 2.76 V             ; -0.022 V           ; 0.337 V                             ; 0.036 V                             ; 2.94e-10 s                 ; 4.52e-10 s                 ; No                        ; Yes                       ;
; a            ; 2.5 V        ; 0 s                 ; 0 s                 ; 2.62 V                       ; 1.4e-07 V                    ; 2.76 V              ; -0.022 V            ; 0.337 V                              ; 0.036 V                              ; 2.94e-10 s                  ; 4.52e-10 s                  ; No                         ; Yes                        ; 2.62 V                      ; 1.4e-07 V                   ; 2.76 V             ; -0.022 V           ; 0.337 V                             ; 0.036 V                             ; 2.94e-10 s                 ; 4.52e-10 s                 ; No                        ; Yes                       ;
; b            ; 2.5 V        ; 0 s                 ; 0 s                 ; 2.62 V                       ; 1.4e-07 V                    ; 2.76 V              ; -0.022 V            ; 0.337 V                              ; 0.036 V                              ; 2.94e-10 s                  ; 4.52e-10 s                  ; No                         ; Yes                        ; 2.62 V                      ; 1.4e-07 V                   ; 2.76 V             ; -0.022 V           ; 0.337 V                             ; 0.036 V                             ; 2.94e-10 s                 ; 4.52e-10 s                 ; No                        ; Yes                       ;
; c            ; 2.5 V        ; 0 s                 ; 0 s                 ; 2.62 V                       ; 1.4e-07 V                    ; 2.76 V              ; -0.022 V            ; 0.337 V                              ; 0.036 V                              ; 2.94e-10 s                  ; 4.52e-10 s                  ; No                         ; Yes                        ; 2.62 V                      ; 1.4e-07 V                   ; 2.76 V             ; -0.022 V           ; 0.337 V                             ; 0.036 V                             ; 2.94e-10 s                 ; 4.52e-10 s                 ; No                        ; Yes                       ;
; d            ; 2.5 V        ; 0 s                 ; 0 s                 ; 2.62 V                       ; 1.4e-07 V                    ; 2.76 V              ; -0.022 V            ; 0.337 V                              ; 0.036 V                              ; 2.94e-10 s                  ; 4.52e-10 s                  ; No                         ; Yes                        ; 2.62 V                      ; 1.4e-07 V                   ; 2.76 V             ; -0.022 V           ; 0.337 V                             ; 0.036 V                             ; 2.94e-10 s                 ; 4.52e-10 s                 ; No                        ; Yes                       ;
; e            ; 2.5 V        ; 0 s                 ; 0 s                 ; 2.62 V                       ; 1.4e-07 V                    ; 2.76 V              ; -0.022 V            ; 0.337 V                              ; 0.036 V                              ; 2.94e-10 s                  ; 4.52e-10 s                  ; No                         ; Yes                        ; 2.62 V                      ; 1.4e-07 V                   ; 2.76 V             ; -0.022 V           ; 0.337 V                             ; 0.036 V                             ; 2.94e-10 s                 ; 4.52e-10 s                 ; No                        ; Yes                       ;
; f            ; 2.5 V        ; 0 s                 ; 0 s                 ; 2.62 V                       ; 1.4e-07 V                    ; 2.76 V              ; -0.022 V            ; 0.337 V                              ; 0.036 V                              ; 2.94e-10 s                  ; 4.52e-10 s                  ; No                         ; Yes                        ; 2.62 V                      ; 1.4e-07 V                   ; 2.76 V             ; -0.022 V           ; 0.337 V                             ; 0.036 V                             ; 2.94e-10 s                 ; 4.52e-10 s                 ; No                        ; Yes                       ;
; g            ; 2.5 V        ; 0 s                 ; 0 s                 ; 2.62 V                       ; 1.4e-07 V                    ; 2.76 V              ; -0.022 V            ; 0.337 V                              ; 0.036 V                              ; 2.94e-10 s                  ; 4.52e-10 s                  ; No                         ; Yes                        ; 2.62 V                      ; 1.4e-07 V                   ; 2.76 V             ; -0.022 V           ; 0.337 V                             ; 0.036 V                             ; 2.94e-10 s                 ; 4.52e-10 s                 ; No                        ; Yes                       ;
; ~ALTERA_TDO~ ; 2.5 V        ; 0 s                 ; 0 s                 ; 2.62 V                       ; 1.94e-07 V                   ; 2.72 V              ; -0.0267 V           ; 0.222 V                              ; 0.078 V                              ; 4.6e-10 s                   ; 5e-10 s                     ; No                         ; Yes                        ; 2.62 V                      ; 1.94e-07 V                  ; 2.72 V             ; -0.0267 V          ; 0.222 V                             ; 0.078 V                             ; 4.6e-10 s                  ; 5e-10 s                    ; No                        ; Yes                       ;
+--------------+--------------+---------------------+---------------------+------------------------------+------------------------------+---------------------+---------------------+--------------------------------------+--------------------------------------+-----------------------------+-----------------------------+----------------------------+----------------------------+-----------------------------+-----------------------------+--------------------+--------------------+-------------------------------------+-------------------------------------+----------------------------+----------------------------+---------------------------+---------------------------+


-------------------
; Clock Transfers ;
-------------------
Nothing to report.


---------------
; Report TCCS ;
---------------
No dedicated SERDES Transmitter circuitry present in device or used in design


---------------
; Report RSKM ;
---------------
No non-DPA dedicated SERDES Receiver circuitry present in device or used in design


+------------------------------------------------+
; Unconstrained Paths                            ;
+---------------------------------+-------+------+
; Property                        ; Setup ; Hold ;
+---------------------------------+-------+------+
; Illegal Clocks                  ; 0     ; 0    ;
; Unconstrained Clocks            ; 0     ; 0    ;
; Unconstrained Input Ports       ; 8     ; 8    ;
; Unconstrained Input Port Paths  ; 80    ; 80   ;
; Unconstrained Output Ports      ; 10    ; 10   ;
; Unconstrained Output Port Paths ; 80    ; 80   ;
+---------------------------------+-------+------+


+------------------------------------+
; TimeQuest Timing Analyzer Messages ;
+------------------------------------+
Info: *******************************************************************
Info: Running Quartus II 64-Bit TimeQuest Timing Analyzer
    Info: Version 15.0.0 Build 145 04/22/2015 SJ Web Edition
    Info: Processing started: Sun Jan 26 20:16:11 2025
Info: Command: quartus_sta serrure -c serrure
Info: qsta_default_script.tcl version: #11
Info (11104): Parallel Compilation has detected 12 hyper-threaded processors. However, the extra hyper-threaded processors will not be used by default. Parallel Compilation will use 10 of the 10 physical processors detected instead.
Info (21077): Low junction temperature is 0 degrees C
Info (21077): High junction temperature is 85 degrees C
Critical Warning (332012): Synopsys Design Constraints File file not found: 'serrure.sdc'. A Synopsys Design Constraints File is required by the TimeQuest Timing Analyzer to get proper timing constraints. Without it, the Compiler will not properly optimize the design.
Info (332142): No user constrained base clocks found in the design. Calling "derive_clocks -period 1.0"
Info (332096): The command derive_clocks did not find any clocks to derive.  No clocks were created or changed.
Warning (332068): No clocks defined in design.
Info (332143): No user constrained clock uncertainty found in the design. Calling "derive_clock_uncertainty"
Info (332154): The derive_clock_uncertainty command did not apply clock uncertainty to any clock-to-clock transfers.
Info: Found TIMEQUEST_REPORT_SCRIPT_INCLUDE_DEFAULT_ANALYSIS = ON
Info (332159): No clocks to report
Info: Analyzing Slow 1200mV 85C Model
Info (332140): No fmax paths to report
Info: Can't run Report Timing Closure Recommendations. The current device family is not supported.
Info (332140): No Setup paths to report
Info (332140): No Hold paths to report
Info (332140): No Recovery paths to report
Info (332140): No Removal paths to report
Info (332140): No Minimum Pulse Width paths to report
Info (332001): The selected device family is not supported by the report_metastability command.
Info: Analyzing Slow 1200mV 0C Model
Info (334003): Started post-fitting delay annotation
Warning (334000): Timing characteristics of device 10M50DAF484C7G are preliminary
Info (334004): Delay annotation completed successfully
Info (332142): No user constrained base clocks found in the design. Calling "derive_clocks -period 1.0"
Info (332096): The command derive_clocks did not find any clocks to derive.  No clocks were created or changed.
Warning (332068): No clocks defined in design.
Info (332154): The derive_clock_uncertainty command did not apply clock uncertainty to any clock-to-clock transfers.
Info (332140): No fmax paths to report
Info (332140): No Setup paths to report
Info (332140): No Hold paths to report
Info (332140): No Recovery paths to report
Info (332140): No Removal paths to report
Info (332140): No Minimum Pulse Width paths to report
Info (332001): The selected device family is not supported by the report_metastability command.
Info: Analyzing Fast 1200mV 0C Model
Info (332142): No user constrained base clocks found in the design. Calling "derive_clocks -period 1.0"
Info (332096): The command derive_clocks did not find any clocks to derive.  No clocks were created or changed.
Warning (332068): No clocks defined in design.
Info (332154): The derive_clock_uncertainty command did not apply clock uncertainty to any clock-to-clock transfers.
Info (332140): No Setup paths to report
Info (332140): No Hold paths to report
Info (332140): No Recovery paths to report
Info (332140): No Removal paths to report
Info (332140): No Minimum Pulse Width paths to report
Info (332001): The selected device family is not supported by the report_metastability command.
Info (332102): Design is not fully constrained for setup requirements
Info (332102): Design is not fully constrained for hold requirements
Info: Quartus II 64-Bit TimeQuest Timing Analyzer was successful. 0 errors, 5 warnings
    Info: Peak virtual memory: 4991 megabytes
    Info: Processing ended: Sun Jan 26 20:16:16 2025
    Info: Elapsed time: 00:00:05
    Info: Total CPU time (on all processors): 00:00:01


