Flow report for serrure
Sun Jan 26 20:47:39 2025
Quartus II 64-Bit Version 15.0.0 Build 145 04/22/2015 SJ Web Edition


---------------------
; Table of Contents ;
---------------------
  1. Legal Notice
  2. Flow Summary
  3. Flow Settings
  4. Flow Non-Default Global Settings
  5. Flow Elapsed Time
  6. Flow OS Summary
  7. Flow Log
  8. Flow Messages
  9. Flow Suppressed Messages



----------------
; Legal Notice ;
----------------
Copyright (C) 1991-2015 Altera Corporation. All rights reserved.
Your use of Altera Corporation's design tools, logic functions 
and other software and tools, and its AMPP partner logic 
functions, and any output files from any of the foregoing 
(including device programming or simulation files), and any 
associated documentation or information are expressly subject 
to the terms and conditions of the Altera Program License 
Subscription Agreement, the Altera Quartus II License Agreement,
the Altera MegaCore Function License Agreement, or other 
applicable license agreement, including, without limitation, 
that your use is for the sole purpose of programming logic 
devices manufactured by Altera and sold by Altera or its 
authorized distributors.  Please refer to the applicable 
agreement for further details.



+---------------------------------------------------------------------------------+
; Flow Summary                                                                    ;
+------------------------------------+--------------------------------------------+
; Flow Status                        ; Successful - Sun Jan 26 20:47:39 2025      ;
; Quartus II 64-Bit Version          ; 15.0.0 Build 145 04/22/2015 SJ Web Edition ;
; Revision Name                      ; serrure                                    ;
; Top-level Entity Name              ; serrure                                    ;
; Family                             ; MAX 10                                     ;
; Device                             ; 10M50DAF484C7G                             ;
; Timing Models                      ; Preliminary                                ;
; Total logic elements               ; 70 / 49,760 ( < 1 % )                      ;
;     Total combinational functions  ; 70 / 49,760 ( < 1 % )                      ;
;     Dedicated logic registers      ; 0 / 49,760 ( 0 % )                         ;
; Total registers                    ; 0                                          ;
; Total pins                         ; 18 / 360 ( 5 % )                           ;
; Total virtual pins                 ; 0                                          ;
; Total memory bits                  ; 0 / 1,677,312 ( 0 % )                      ;
; Embedded Multiplier 9-bit elements ; 0 / 288 ( 0 % )                            ;
; Total PLLs                         ; 0 / 4 ( 0 % )                              ;
; UFM blocks                         ; 0 / 1 ( 0 % )                              ;
; ADC blocks                         ; 0 / 2 ( 0 % )                              ;
+------------------------------------+--------------------------------------------+


+-----------------------------------------+
; Flow Settings                           ;
+-------------------+---------------------+
; Option            ; Setting             ;
+-------------------+---------------------+
; Start date & time ; 01/26/2025 20:15:26 ;
; Main task         ; Compilation         ;
; Revision Name     ; serrure             ;
+-------------------+---------------------+


+------------------------------------------------------------------------------------------------------------------------------------------------+
; Flow Non-Default Global Settings                                                                                                               ;
+------------------------------------------------+------------------------------------------------+---------------+-------------+----------------+
; Assignment Name                                ; Value                                          ; Default Value ; Entity Name ; Section Id     ;
+------------------------------------------------+------------------------------------------------+---------------+-------------+----------------+
; COMPILER_SIGNATURE_ID                          ; 5218850288478.173791892612664                  ; --            ; --          ; --             ;
; EDA_OUTPUT_DATA_FORMAT                         ; Vhdl                                           ; --            ; --          ; eda_simulation ;
; EDA_RUN_TOOL_AUTOMATICALLY                     ; On                                             ; --            ; --          ; eda_simulation ;
; EDA_SIMULATION_TOOL                            ; QuestaSim (VHDL)                               ; <None>        ; --          ; --             ;
; EDA_USER_COMPILED_SIMULATION_LIBRARY_DIRECTORY ; C:\Users\DELL\Desktop\TP_FPGA\TP1\output_files ; --            ; --          ; eda_simulation ;
; MAX_CORE_JUNCTION_TEMP                         ; 85                                             ; --            ; --          ; --             ;
; MIN_CORE_JUNCTION_TEMP                         ; 0                                              ; --            ; --          ; --             ;
; PARTITION_COLOR                                ; 16764057                                       ; --            ; --          ; Top            ;
; PARTITION_FITTER_PRESERVATION_LEVEL            ; PLACEMENT_AND_ROUTING                          ; --            ; --          ; Top            ;
; PARTITION_NETLIST_TYPE                         ; SOURCE                                         ; --            ; --          ; Top            ;
; PROJECT_OUTPUT_DIRECTORY                       ; output_files                                   ; --            ; --          ; --             ;
+------------------------------------------------+------------------------------------------------+---------------+-------------+----------------+


+-------------------------------------------------------------------------------------------------------------------------------+
; Flow Elapsed Time                                                                                                             ;
+---------------------------+--------------+-------------------------+---------------------+------------------------------------+
; Module Name               ; Elapsed Time ; Average Processors Used ; Peak Virtual Memory ; Total CPU Time (on all processors) ;
+---------------------------+--------------+-------------------------+---------------------+------------------------------------+
; Analysis & Synthesis      ; 00:00:19     ; 1.0                     ; 4869 MB             ; 00:00:09                           ;
; Fitter                    ; 00:00:13     ; 2.4                     ; 6159 MB             ; 00:00:08                           ;
; Assembler                 ; 00:00:06     ; 1.0                     ; 4754 MB             ; 00:00:01                           ;
; TimeQuest Timing Analyzer ; 00:00:04     ; 1.0                     ; 4991 MB             ; 00:00:01                           ;
; EDA Netlist Writer        ; 00:00:01     ; 1.0                     ; 4717 MB             ; 00:00:00                           ;
; EDA Netlist Writer        ; 00:00:01     ; 1.0                     ; 4705 MB             ; 00:00:00                           ;
; EDA Netlist Writer        ; 00:00:01     ; 1.0                     ; 4709 MB             ; 00:00:00                           ;
; EDA Netlist Writer        ; 00:00:00     ; 1.0                     ; 4705 MB             ; 00:00:00                           ;
; EDA Netlist Writer        ; 00:00:01     ; 1.0                     ; 4717 MB             ; 00:00:00                           ;
; EDA Netlist Writer        ; 00:00:01     ; 1.0                     ; 4705 MB             ; 00:00:00                           ;
; EDA Netlist Writer        ; 00:00:01     ; 1.0                     ; 4709 MB             ; 00:00:00                           ;
; EDA Netlist Writer        ; 00:00:01     ; 1.0                     ; 4705 MB             ; 00:00:00                           ;
; EDA Netlist Writer        ; 00:00:01     ; 1.0                     ; 4709 MB             ; 00:00:00                           ;
; EDA Netlist Writer        ; 00:00:00     ; 1.0                     ; 4705 MB             ; 00:00:00                           ;
; EDA Netlist Writer        ; 00:00:01     ; 1.0                     ; 4721 MB             ; 00:00:00                           ;
; EDA Netlist Writer        ; 00:00:00     ; 1.0                     ; 4705 MB             ; 00:00:00                           ;
; EDA Netlist Writer        ; 00:00:01     ; 1.0                     ; 4709 MB             ; 00:00:00                           ;
; EDA Netlist Writer        ; 00:00:01     ; 1.0                     ; 4705 MB             ; 00:00:00                           ;
; EDA Netlist Writer        ; 00:00:01     ; 1.0                     ; 4717 MB             ; 00:00:00                           ;
; Total                     ; 00:00:54     ; --                      ; --                  ; 00:00:19                           ;
+---------------------------+--------------+-------------------------+---------------------+------------------------------------+


+----------------------------------------------------------------------------------------+
; Flow OS Summary                                                                        ;
+---------------------------+------------------+-----------+------------+----------------+
; Module Name               ; Machine Hostname ; OS Name   ; OS Version ; Processor type ;
+---------------------------+------------------+-----------+------------+----------------+
; Analysis & Synthesis      ; DESKTOP-I3PLATH  ; Windows 7 ; 6.2        ; x86_64         ;
; Fitter                    ; DESKTOP-I3PLATH  ; Windows 7 ; 6.2        ; x86_64         ;
; Assembler                 ; DESKTOP-I3PLATH  ; Windows 7 ; 6.2        ; x86_64         ;
; TimeQuest Timing Analyzer ; DESKTOP-I3PLATH  ; Windows 7 ; 6.2        ; x86_64         ;
; EDA Netlist Writer        ; DESKTOP-I3PLATH  ; Windows 7 ; 6.2        ; x86_64         ;
; EDA Netlist Writer        ; DESKTOP-I3PLATH  ; Windows 7 ; 6.2        ; x86_64         ;
; EDA Netlist Writer        ; DESKTOP-I3PLATH  ; Windows 7 ; 6.2        ; x86_64         ;
; EDA Netlist Writer        ; DESKTOP-I3PLATH  ; Windows 7 ; 6.2        ; x86_64         ;
; EDA Netlist Writer        ; DESKTOP-I3PLATH  ; Windows 7 ; 6.2        ; x86_64         ;
; EDA Netlist Writer        ; DESKTOP-I3PLATH  ; Windows 7 ; 6.2        ; x86_64         ;
; EDA Netlist Writer        ; DESKTOP-I3PLATH  ; Windows 7 ; 6.2        ; x86_64         ;
; EDA Netlist Writer        ; DESKTOP-I3PLATH  ; Windows 7 ; 6.2        ; x86_64         ;
; EDA Netlist Writer        ; DESKTOP-I3PLATH  ; Windows 7 ; 6.2        ; x86_64         ;
; EDA Netlist Writer        ; DESKTOP-I3PLATH  ; Windows 7 ; 6.2        ; x86_64         ;
; EDA Netlist Writer        ; DESKTOP-I3PLATH  ; Windows 7 ; 6.2        ; x86_64         ;
; EDA Netlist Writer        ; DESKTOP-I3PLATH  ; Windows 7 ; 6.2        ; x86_64         ;
; EDA Netlist Writer        ; DESKTOP-I3PLATH  ; Windows 7 ; 6.2        ; x86_64         ;
; EDA Netlist Writer        ; DESKTOP-I3PLATH  ; Windows 7 ; 6.2        ; x86_64         ;
; EDA Netlist Writer        ; DESKTOP-I3PLATH  ; Windows 7 ; 6.2        ; x86_64         ;
+---------------------------+------------------+-----------+------------+----------------+


------------
; Flow Log ;
------------
quartus_map --read_settings_files=on --write_settings_files=off serrure -c serrure
quartus_fit --read_settings_files=off --write_settings_files=off serrure -c serrure
quartus_asm --read_settings_files=off --write_settings_files=off serrure -c serrure
quartus_sta serrure -c serrure
quartus_eda --read_settings_files=off --write_settings_files=off serrure -c serrure
quartus_eda --gen_testbench --check_outputs=on --tool=modelsim_oem --format=verilog --write_settings_files=off serrure -c serrure --vector_source=C:/Users/DELL/Desktop/TP_FPGA/TP1/serrure_sim.vwf --testbench_file=C:/Users/DELL/Desktop/TP_FPGA/TP1/simulation/qsim/serrure_sim.vwf.vt
quartus_eda --write_settings_files=off --functional=on --flatten_buses=off --simulation=on --tool=modelsim_oem --format=verilog --output_directory=C:/Users/DELL/Desktop/TP_FPGA/TP1/simulation/qsim/ serrure -c serrure
quartus_eda --gen_testbench --check_outputs=on --tool=modelsim_oem --format=verilog --write_settings_files=off serrure -c serrure --vector_source=C:/Users/DELL/Desktop/TP_FPGA/TP1/serrure_sim.vwf --testbench_file=C:/Users/DELL/Desktop/TP_FPGA/TP1/simulation/qsim/serrure_sim.vwf.vt
quartus_eda --write_settings_files=off --functional=off --flatten_buses=off --timescale=1ps --simulation=on --tool=modelsim_oem --format=verilog --output_directory=C:/Users/DELL/Desktop/TP_FPGA/TP1/simulation/qsim/ serrure -c serrure
quartus_eda --gen_testbench --check_outputs=on --tool=modelsim_oem --format=verilog --write_settings_files=off serrure -c serrure --vector_source=C:/Users/DELL/Desktop/TP_FPGA/TP1/serrure_sim.vwf --testbench_file=C:/Users/DELL/Desktop/TP_FPGA/TP1/simulation/qsim/serrure_sim.vwf.vt
quartus_eda --write_settings_files=off --functional=on --flatten_buses=off --simulation=on --tool=modelsim_oem --format=verilog --output_directory=C:/Users/DELL/Desktop/TP_FPGA/TP1/simulation/qsim/ serrure -c serrure
quartus_eda --gen_testbench --check_outputs=on --tool=modelsim_oem --format=verilog --write_settings_files=off serrure -c serrure --vector_source=C:/Users/DELL/Desktop/TP_FPGA/TP1/segments_sim.vwf --testbench_file=C:/Users/DELL/Desktop/TP_FPGA/TP1/simulation/qsim/segments_sim.vwf.vt
quartus_eda --write_settings_files=off --functional=on --flatten_buses=off --simulation=on --tool=modelsim_oem --format=verilog --output_directory=C:/Users/DELL/Desktop/TP_FPGA/TP1/simulation/qsim/ serrure -c serrure
quartus_eda --gen_testbench --check_outputs=on --tool=modelsim_oem --format=verilog --write_settings_files=off serrure -c serrure --vector_source=C:/Users/DELL/Desktop/TP_FPGA/TP1/dec_clavier_sim.vwf --testbench_file=C:/Users/DELL/Desktop/TP_FPGA/TP1/simulation/qsim/dec_clavier_sim.vwf.vt
quartus_eda --write_settings_files=off --functional=off --flatten_buses=off --timescale=1ps --simulation=on --tool=modelsim_oem --format=verilog --output_directory=C:/Users/DELL/Desktop/TP_FPGA/TP1/simulation/qsim/ serrure -c serrure
quartus_eda --gen_testbench --check_outputs=on --tool=modelsim_oem --format=verilog --write_settings_files=off serrure -c serrure --vector_source=C:/Users/DELL/Desktop/TP_FPGA/TP1/dec_clavier_sim.vwf --testbench_file=C:/Users/DELL/Desktop/TP_FPGA/TP1/simulation/qsim/dec_clavier_sim.vwf.vt
quartus_eda --write_settings_files=off --functional=on --flatten_buses=off --simulation=on --tool=modelsim_oem --format=verilog --output_directory=C:/Users/DELL/Desktop/TP_FPGA/TP1/simulation/qsim/ serrure -c serrure
quartus_eda --gen_testbench --check_outputs=on --tool=modelsim_oem --format=verilog --write_settings_files=off serrure -c serrure --vector_source=C:/Users/DELL/Desktop/TP_FPGA/TP1/dec_clavier_sim.vwf --testbench_file=C:/Users/DELL/Desktop/TP_FPGA/TP1/simulation/qsim/dec_clavier_sim.vwf.vt
quartus_eda --write_settings_files=off --functional=off --flatten_buses=off --timescale=1ps --simulation=on --tool=modelsim_oem --format=verilog --output_directory=C:/Users/DELL/Desktop/TP_FPGA/TP1/simulation/qsim/ serrure -c serrure



